[kbplacer_plugin_action.py:65]: Plugin version: 0.12
[kbplacer_plugin_action.py:66]: Python version: '3.11.5 (main, Nov  3 2024, 06:58:22) [MSC v.1939 64 bit (AMD64)]'
[kbplacer_plugin_action.py:67]: KiCad version: 8.0.7 with 4.2.2 msw (phoenix) wxWidgets 3.2.6
[kbplacer_dialog.py:585]: Language: en
[kbplacer_plugin_action.py:75]: GUI state: {"layout_path": "", "key_distance": [19.05, 19.05], "key_info": {"annotation_format": "SW{}", "position_option": "Default", "position": {"x": 0.0, "y": 0.0, "orientation": 0.0, "side": "Front"}, "template_path": ""}, "enable_diode_placement": true, "route_switches_with_diodes": true, "optimize_diodes_orientation": false, "diode_info": {"annotation_format": "D{}", "position_option": "Default", "position": {"x": 5.08, "y": 3.03, "orientation": 90.0, "side": "Back"}, "template_path": ""}, "additional_elements": [{"annotation_format": "ST{}", "position_option": "Custom", "position": {"x": 0.0, "y": 0.0, "orientation": 0.0, "side": "Front"}, "template_path": ""}], "route_rows_and_columns": true, "template_path": "", "generate_outline": true, "outline_delta": 0.0}
[key_placer.py:361]: Set key 1U distance: 19050000/19050000
[key_placer.py:123]: Switches by nets: defaultdict(<class 'list'>, {frozenset({'COL0', 'ROW0'}): ['SW64'], frozenset({'COL1', 'ROW0'}): ['SW63'], frozenset({'COL2', 'ROW0'}): ['SW62'], frozenset({'ROW0', 'COL3'}): ['SW61'], frozenset({'ROW0', 'COL4'}): ['SW60'], frozenset({'COL5', 'ROW0'}): ['SW59'], frozenset({'COL6', 'ROW0'}): ['SW58'], frozenset({'ROW0', 'COL7'}): ['SW57'], frozenset({'COL0', 'ROW1'}): ['SW56'], frozenset({'COL1', 'ROW1'}): ['SW55'], frozenset({'COL2', 'ROW1'}): ['SW54'], frozenset({'COL3', 'ROW1'}): ['SW53'], frozenset({'ROW1', 'COL4'}): ['SW52'], frozenset({'COL5', 'ROW1'}): ['SW51'], frozenset({'COL6', 'ROW1'}): ['SW50'], frozenset({'COL7', 'ROW1'}): ['SW49'], frozenset({'COL0', 'ROW2'}): ['SW48'], frozenset({'COL1', 'ROW2'}): ['SW47'], frozenset({'COL2', 'ROW2'}): ['SW46'], frozenset({'COL3', 'ROW2'}): ['SW45'], frozenset({'ROW2', 'COL4'}): ['SW44'], frozenset({'COL5', 'ROW2'}): ['SW43'], frozenset({'COL6', 'ROW2'}): ['SW42'], frozenset({'COL7', 'ROW2'}): ['SW41'], frozenset({'COL0', 'ROW3'}): ['SW40'], frozenset({'COL1', 'ROW3'}): ['SW39'], frozenset({'COL2', 'ROW3'}): ['SW38'], frozenset({'ROW3', 'COL3'}): ['SW37'], frozenset({'ROW3', 'COL4'}): ['SW36'], frozenset({'COL5', 'ROW3'}): ['SW35'], frozenset({'COL6', 'ROW3'}): ['SW34'], frozenset({'COL7', 'ROW3'}): ['SW33'], frozenset({'COL0', 'ROW4'}): ['SW32'], frozenset({'COL1', 'ROW4'}): ['SW31'], frozenset({'COL2', 'ROW4'}): ['SW30'], frozenset({'ROW4', 'COL3'}): ['SW29'], frozenset({'ROW4', 'COL4'}): ['SW28'], frozenset({'COL5', 'ROW4'}): ['SW27'], frozenset({'COL6', 'ROW4'}): ['SW26'], frozenset({'ROW4', 'COL7'}): ['SW25'], frozenset({'ROW5', 'COL0'}): ['SW24'], frozenset({'COL1', 'ROW5'}): ['SW23'], frozenset({'COL2', 'ROW5'}): ['SW22'], frozenset({'ROW5', 'COL3'}): ['SW21'], frozenset({'ROW5', 'COL4'}): ['SW20'], frozenset({'COL5', 'ROW5'}): ['SW19'], frozenset({'ROW5', 'COL6'}): ['SW18'], frozenset({'ROW5', 'COL7'}): ['SW17'], frozenset({'COL0', 'ROW6'}): ['SW16'], frozenset({'COL1', 'ROW6'}): ['SW15'], frozenset({'COL2', 'ROW6'}): ['SW14'], frozenset({'COL3', 'ROW6'}): ['SW13'], frozenset({'ROW6', 'COL4'}): ['SW12'], frozenset({'COL5', 'ROW6'}): ['SW11'], frozenset({'COL6', 'ROW6'}): ['SW10'], frozenset({'COL7', 'ROW6'}): ['SW9'], frozenset({'COL0', 'ROW7'}): ['SW8'], frozenset({'COL1', 'ROW7'}): ['SW7'], frozenset({'COL2', 'ROW7'}): ['SW6'], frozenset({'COL3', 'ROW7'}): ['SW5'], frozenset({'ROW7', 'COL4'}): ['SW4'], frozenset({'COL5', 'ROW7'}): ['SW3'], frozenset({'COL6', 'ROW7'}): ['SW2'], frozenset({'COL7', 'ROW7'}): ['SW1']})
[key_placer.py:127]: Diodes by switch: {}
[key_placer.py:996]: Diode info: [ElementInfo(annotation_format='D{}', position_option=<PositionOption.DEFAULT: 'Default'>, position=ElementPosition(x=5.08, y=3.03, orientation=90.0, side=<Side.BACK: 'Back'>), template_path='')]
[board_modifier.py:98]: Getting SW1 footprint position: (71120000, 40360000)
[board_modifier.py:98]: Getting SW2 footprint position: (71120000, 55910000)
[board_modifier.py:98]: Getting SW3 footprint position: (71120000, 71460000)
[board_modifier.py:98]: Getting SW4 footprint position: (71120000, 87010000)
[board_modifier.py:98]: Getting SW5 footprint position: (71120000, 102560000)
[board_modifier.py:98]: Getting SW6 footprint position: (71120000, 118110000)
[board_modifier.py:98]: Getting SW7 footprint position: (71120000, 133660000)
[board_modifier.py:98]: Getting SW8 footprint position: (71120000, 149210000)
[board_modifier.py:98]: Getting SW9 footprint position: (86670000, 40360000)
[board_modifier.py:98]: Getting SW10 footprint position: (86670000, 55910000)
[board_modifier.py:98]: Getting SW11 footprint position: (86670000, 71460000)
[board_modifier.py:98]: Getting SW12 footprint position: (86670000, 87010000)
[board_modifier.py:98]: Getting SW13 footprint position: (86670000, 102560000)
[board_modifier.py:98]: Getting SW14 footprint position: (86670000, 118110000)
[board_modifier.py:98]: Getting SW15 footprint position: (86670000, 133660000)
[board_modifier.py:98]: Getting SW16 footprint position: (86670000, 149210000)
[board_modifier.py:98]: Getting SW17 footprint position: (102220000, 40360000)
[board_modifier.py:98]: Getting SW18 footprint position: (102220000, 55910000)
[board_modifier.py:98]: Getting SW19 footprint position: (102220000, 71460000)
[board_modifier.py:98]: Getting SW20 footprint position: (102220000, 87010000)
[board_modifier.py:98]: Getting SW21 footprint position: (102220000, 102560000)
[board_modifier.py:98]: Getting SW22 footprint position: (102220000, 118110000)
[board_modifier.py:98]: Getting SW23 footprint position: (102220000, 133660000)
[board_modifier.py:98]: Getting SW24 footprint position: (102220000, 149210000)
[board_modifier.py:98]: Getting SW25 footprint position: (117770000, 40360000)
[board_modifier.py:98]: Getting SW26 footprint position: (117770000, 55910000)
[board_modifier.py:98]: Getting SW27 footprint position: (117770000, 71460000)
[board_modifier.py:98]: Getting SW28 footprint position: (117770000, 87010000)
[board_modifier.py:98]: Getting SW29 footprint position: (117770000, 102560000)
[board_modifier.py:98]: Getting SW30 footprint position: (117770000, 118110000)
[board_modifier.py:98]: Getting SW31 footprint position: (117770000, 133660000)
[board_modifier.py:98]: Getting SW32 footprint position: (117770000, 149210000)
[board_modifier.py:98]: Getting SW33 footprint position: (133320000, 40360000)
[board_modifier.py:98]: Getting SW34 footprint position: (133320000, 55910000)
[board_modifier.py:98]: Getting SW35 footprint position: (133320000, 71460000)
[board_modifier.py:98]: Getting SW36 footprint position: (133320000, 87010000)
[board_modifier.py:98]: Getting SW37 footprint position: (133320000, 102560000)
[board_modifier.py:98]: Getting SW38 footprint position: (133320000, 118110000)
[board_modifier.py:98]: Getting SW39 footprint position: (133320000, 133660000)
[board_modifier.py:98]: Getting SW40 footprint position: (133320000, 149210000)
[board_modifier.py:98]: Getting SW41 footprint position: (148870000, 40360000)
[board_modifier.py:98]: Getting SW42 footprint position: (148870000, 55910000)
[board_modifier.py:98]: Getting SW43 footprint position: (148870000, 71460000)
[board_modifier.py:98]: Getting SW44 footprint position: (148870000, 87010000)
[board_modifier.py:98]: Getting SW45 footprint position: (148870000, 102560000)
[board_modifier.py:98]: Getting SW46 footprint position: (148870000, 118110000)
[board_modifier.py:98]: Getting SW47 footprint position: (148870000, 133660000)
[board_modifier.py:98]: Getting SW48 footprint position: (148870000, 149210000)
[board_modifier.py:98]: Getting SW49 footprint position: (164420000, 40360000)
[board_modifier.py:98]: Getting SW50 footprint position: (164420000, 55910000)
[board_modifier.py:98]: Getting SW51 footprint position: (164420000, 71460000)
[board_modifier.py:98]: Getting SW52 footprint position: (164420000, 87010000)
[board_modifier.py:98]: Getting SW53 footprint position: (164420000, 102560000)
[board_modifier.py:98]: Getting SW54 footprint position: (164420000, 118110000)
[board_modifier.py:98]: Getting SW55 footprint position: (164420000, 133660000)
[board_modifier.py:98]: Getting SW56 footprint position: (164420000, 149210000)
[board_modifier.py:98]: Getting SW57 footprint position: (179970000, 40360000)
[board_modifier.py:98]: Getting SW58 footprint position: (179970000, 55910000)
[board_modifier.py:98]: Getting SW59 footprint position: (179970000, 71460000)
[board_modifier.py:98]: Getting SW60 footprint position: (179970000, 87010000)
[board_modifier.py:98]: Getting SW61 footprint position: (179970000, 102560000)
[board_modifier.py:98]: Getting SW62 footprint position: (179970000, 118110000)
[board_modifier.py:98]: Getting SW63 footprint position: (179970000, 133660000)
[board_modifier.py:98]: Getting SW64 footprint position: (179970000, 149210000)
[key_placer.py:774]: Placing additional elements for SW64
[board_modifier.py:98]: Getting SW64 footprint position: (179970000, 149210000)
[board_modifier.py:75]: Searching for optional ST64 footprint in C:/Apps/dev/Old_Computers/Excalibur/Kicad/Keyboard/Keyboard.kicad_pcb
[board_modifier.py:80]: Footprint not found
[key_placer.py:774]: Placing additional elements for SW63
[board_modifier.py:98]: Getting SW63 footprint position: (179970000, 133660000)
[board_modifier.py:75]: Searching for optional ST63 footprint in C:/Apps/dev/Old_Computers/Excalibur/Kicad/Keyboard/Keyboard.kicad_pcb
[board_modifier.py:80]: Footprint not found
[key_placer.py:774]: Placing additional elements for SW62
[board_modifier.py:98]: Getting SW62 footprint position: (179970000, 118110000)
[board_modifier.py:75]: Searching for optional ST62 footprint in C:/Apps/dev/Old_Computers/Excalibur/Kicad/Keyboard/Keyboard.kicad_pcb
[board_modifier.py:80]: Footprint not found
[key_placer.py:774]: Placing additional elements for SW61
[board_modifier.py:98]: Getting SW61 footprint position: (179970000, 102560000)
[board_modifier.py:75]: Searching for optional ST61 footprint in C:/Apps/dev/Old_Computers/Excalibur/Kicad/Keyboard/Keyboard.kicad_pcb
[board_modifier.py:80]: Footprint not found
[key_placer.py:774]: Placing additional elements for SW60
[board_modifier.py:98]: Getting SW60 footprint position: (179970000, 87010000)
[board_modifier.py:75]: Searching for optional ST60 footprint in C:/Apps/dev/Old_Computers/Excalibur/Kicad/Keyboard/Keyboard.kicad_pcb
[board_modifier.py:80]: Footprint not found
[key_placer.py:774]: Placing additional elements for SW59
[board_modifier.py:98]: Getting SW59 footprint position: (179970000, 71460000)
[board_modifier.py:75]: Searching for optional ST59 footprint in C:/Apps/dev/Old_Computers/Excalibur/Kicad/Keyboard/Keyboard.kicad_pcb
[board_modifier.py:80]: Footprint not found
[key_placer.py:774]: Placing additional elements for SW58
[board_modifier.py:98]: Getting SW58 footprint position: (179970000, 55910000)
[board_modifier.py:75]: Searching for optional ST58 footprint in C:/Apps/dev/Old_Computers/Excalibur/Kicad/Keyboard/Keyboard.kicad_pcb
[board_modifier.py:80]: Footprint not found
[key_placer.py:774]: Placing additional elements for SW57
[board_modifier.py:98]: Getting SW57 footprint position: (179970000, 40360000)
[board_modifier.py:75]: Searching for optional ST57 footprint in C:/Apps/dev/Old_Computers/Excalibur/Kicad/Keyboard/Keyboard.kicad_pcb
[board_modifier.py:80]: Footprint not found
[key_placer.py:774]: Placing additional elements for SW56
[board_modifier.py:98]: Getting SW56 footprint position: (164420000, 149210000)
[board_modifier.py:75]: Searching for optional ST56 footprint in C:/Apps/dev/Old_Computers/Excalibur/Kicad/Keyboard/Keyboard.kicad_pcb
[board_modifier.py:80]: Footprint not found
[key_placer.py:774]: Placing additional elements for SW55
[board_modifier.py:98]: Getting SW55 footprint position: (164420000, 133660000)
[board_modifier.py:75]: Searching for optional ST55 footprint in C:/Apps/dev/Old_Computers/Excalibur/Kicad/Keyboard/Keyboard.kicad_pcb
[board_modifier.py:80]: Footprint not found
[key_placer.py:774]: Placing additional elements for SW54
[board_modifier.py:98]: Getting SW54 footprint position: (164420000, 118110000)
[board_modifier.py:75]: Searching for optional ST54 footprint in C:/Apps/dev/Old_Computers/Excalibur/Kicad/Keyboard/Keyboard.kicad_pcb
[board_modifier.py:80]: Footprint not found
[key_placer.py:774]: Placing additional elements for SW53
[board_modifier.py:98]: Getting SW53 footprint position: (164420000, 102560000)
[board_modifier.py:75]: Searching for optional ST53 footprint in C:/Apps/dev/Old_Computers/Excalibur/Kicad/Keyboard/Keyboard.kicad_pcb
[board_modifier.py:80]: Footprint not found
[key_placer.py:774]: Placing additional elements for SW52
[board_modifier.py:98]: Getting SW52 footprint position: (164420000, 87010000)
[board_modifier.py:75]: Searching for optional ST52 footprint in C:/Apps/dev/Old_Computers/Excalibur/Kicad/Keyboard/Keyboard.kicad_pcb
[board_modifier.py:80]: Footprint not found
[key_placer.py:774]: Placing additional elements for SW51
[board_modifier.py:98]: Getting SW51 footprint position: (164420000, 71460000)
[board_modifier.py:75]: Searching for optional ST51 footprint in C:/Apps/dev/Old_Computers/Excalibur/Kicad/Keyboard/Keyboard.kicad_pcb
[board_modifier.py:80]: Footprint not found
[key_placer.py:774]: Placing additional elements for SW50
[board_modifier.py:98]: Getting SW50 footprint position: (164420000, 55910000)
[board_modifier.py:75]: Searching for optional ST50 footprint in C:/Apps/dev/Old_Computers/Excalibur/Kicad/Keyboard/Keyboard.kicad_pcb
[board_modifier.py:80]: Footprint not found
[key_placer.py:774]: Placing additional elements for SW49
[board_modifier.py:98]: Getting SW49 footprint position: (164420000, 40360000)
[board_modifier.py:75]: Searching for optional ST49 footprint in C:/Apps/dev/Old_Computers/Excalibur/Kicad/Keyboard/Keyboard.kicad_pcb
[board_modifier.py:80]: Footprint not found
[key_placer.py:774]: Placing additional elements for SW48
[board_modifier.py:98]: Getting SW48 footprint position: (148870000, 149210000)
[board_modifier.py:75]: Searching for optional ST48 footprint in C:/Apps/dev/Old_Computers/Excalibur/Kicad/Keyboard/Keyboard.kicad_pcb
[board_modifier.py:80]: Footprint not found
[key_placer.py:774]: Placing additional elements for SW47
[board_modifier.py:98]: Getting SW47 footprint position: (148870000, 133660000)
[board_modifier.py:75]: Searching for optional ST47 footprint in C:/Apps/dev/Old_Computers/Excalibur/Kicad/Keyboard/Keyboard.kicad_pcb
[board_modifier.py:80]: Footprint not found
[key_placer.py:774]: Placing additional elements for SW46
[board_modifier.py:98]: Getting SW46 footprint position: (148870000, 118110000)
[board_modifier.py:75]: Searching for optional ST46 footprint in C:/Apps/dev/Old_Computers/Excalibur/Kicad/Keyboard/Keyboard.kicad_pcb
[board_modifier.py:80]: Footprint not found
[key_placer.py:774]: Placing additional elements for SW45
[board_modifier.py:98]: Getting SW45 footprint position: (148870000, 102560000)
[board_modifier.py:75]: Searching for optional ST45 footprint in C:/Apps/dev/Old_Computers/Excalibur/Kicad/Keyboard/Keyboard.kicad_pcb
[board_modifier.py:80]: Footprint not found
[key_placer.py:774]: Placing additional elements for SW44
[board_modifier.py:98]: Getting SW44 footprint position: (148870000, 87010000)
[board_modifier.py:75]: Searching for optional ST44 footprint in C:/Apps/dev/Old_Computers/Excalibur/Kicad/Keyboard/Keyboard.kicad_pcb
[board_modifier.py:80]: Footprint not found
[key_placer.py:774]: Placing additional elements for SW43
[board_modifier.py:98]: Getting SW43 footprint position: (148870000, 71460000)
[board_modifier.py:75]: Searching for optional ST43 footprint in C:/Apps/dev/Old_Computers/Excalibur/Kicad/Keyboard/Keyboard.kicad_pcb
[board_modifier.py:80]: Footprint not found
[key_placer.py:774]: Placing additional elements for SW42
[board_modifier.py:98]: Getting SW42 footprint position: (148870000, 55910000)
[board_modifier.py:75]: Searching for optional ST42 footprint in C:/Apps/dev/Old_Computers/Excalibur/Kicad/Keyboard/Keyboard.kicad_pcb
[board_modifier.py:80]: Footprint not found
[key_placer.py:774]: Placing additional elements for SW41
[board_modifier.py:98]: Getting SW41 footprint position: (148870000, 40360000)
[board_modifier.py:75]: Searching for optional ST41 footprint in C:/Apps/dev/Old_Computers/Excalibur/Kicad/Keyboard/Keyboard.kicad_pcb
[board_modifier.py:80]: Footprint not found
[key_placer.py:774]: Placing additional elements for SW40
[board_modifier.py:98]: Getting SW40 footprint position: (133320000, 149210000)
[board_modifier.py:75]: Searching for optional ST40 footprint in C:/Apps/dev/Old_Computers/Excalibur/Kicad/Keyboard/Keyboard.kicad_pcb
[board_modifier.py:80]: Footprint not found
[key_placer.py:774]: Placing additional elements for SW39
[board_modifier.py:98]: Getting SW39 footprint position: (133320000, 133660000)
[board_modifier.py:75]: Searching for optional ST39 footprint in C:/Apps/dev/Old_Computers/Excalibur/Kicad/Keyboard/Keyboard.kicad_pcb
[board_modifier.py:80]: Footprint not found
[key_placer.py:774]: Placing additional elements for SW38
[board_modifier.py:98]: Getting SW38 footprint position: (133320000, 118110000)
[board_modifier.py:75]: Searching for optional ST38 footprint in C:/Apps/dev/Old_Computers/Excalibur/Kicad/Keyboard/Keyboard.kicad_pcb
[board_modifier.py:80]: Footprint not found
[key_placer.py:774]: Placing additional elements for SW37
[board_modifier.py:98]: Getting SW37 footprint position: (133320000, 102560000)
[board_modifier.py:75]: Searching for optional ST37 footprint in C:/Apps/dev/Old_Computers/Excalibur/Kicad/Keyboard/Keyboard.kicad_pcb
[board_modifier.py:80]: Footprint not found
[key_placer.py:774]: Placing additional elements for SW36
[board_modifier.py:98]: Getting SW36 footprint position: (133320000, 87010000)
[board_modifier.py:75]: Searching for optional ST36 footprint in C:/Apps/dev/Old_Computers/Excalibur/Kicad/Keyboard/Keyboard.kicad_pcb
[board_modifier.py:80]: Footprint not found
[key_placer.py:774]: Placing additional elements for SW35
[board_modifier.py:98]: Getting SW35 footprint position: (133320000, 71460000)
[board_modifier.py:75]: Searching for optional ST35 footprint in C:/Apps/dev/Old_Computers/Excalibur/Kicad/Keyboard/Keyboard.kicad_pcb
[board_modifier.py:80]: Footprint not found
[key_placer.py:774]: Placing additional elements for SW34
[board_modifier.py:98]: Getting SW34 footprint position: (133320000, 55910000)
[board_modifier.py:75]: Searching for optional ST34 footprint in C:/Apps/dev/Old_Computers/Excalibur/Kicad/Keyboard/Keyboard.kicad_pcb
[board_modifier.py:80]: Footprint not found
[key_placer.py:774]: Placing additional elements for SW33
[board_modifier.py:98]: Getting SW33 footprint position: (133320000, 40360000)
[board_modifier.py:75]: Searching for optional ST33 footprint in C:/Apps/dev/Old_Computers/Excalibur/Kicad/Keyboard/Keyboard.kicad_pcb
[board_modifier.py:80]: Footprint not found
[key_placer.py:774]: Placing additional elements for SW32
[board_modifier.py:98]: Getting SW32 footprint position: (117770000, 149210000)
[board_modifier.py:75]: Searching for optional ST32 footprint in C:/Apps/dev/Old_Computers/Excalibur/Kicad/Keyboard/Keyboard.kicad_pcb
[board_modifier.py:80]: Footprint not found
[key_placer.py:774]: Placing additional elements for SW31
[board_modifier.py:98]: Getting SW31 footprint position: (117770000, 133660000)
[board_modifier.py:75]: Searching for optional ST31 footprint in C:/Apps/dev/Old_Computers/Excalibur/Kicad/Keyboard/Keyboard.kicad_pcb
[board_modifier.py:80]: Footprint not found
[key_placer.py:774]: Placing additional elements for SW30
[board_modifier.py:98]: Getting SW30 footprint position: (117770000, 118110000)
[board_modifier.py:75]: Searching for optional ST30 footprint in C:/Apps/dev/Old_Computers/Excalibur/Kicad/Keyboard/Keyboard.kicad_pcb
[board_modifier.py:80]: Footprint not found
[key_placer.py:774]: Placing additional elements for SW29
[board_modifier.py:98]: Getting SW29 footprint position: (117770000, 102560000)
[board_modifier.py:75]: Searching for optional ST29 footprint in C:/Apps/dev/Old_Computers/Excalibur/Kicad/Keyboard/Keyboard.kicad_pcb
[board_modifier.py:80]: Footprint not found
[key_placer.py:774]: Placing additional elements for SW28
[board_modifier.py:98]: Getting SW28 footprint position: (117770000, 87010000)
[board_modifier.py:75]: Searching for optional ST28 footprint in C:/Apps/dev/Old_Computers/Excalibur/Kicad/Keyboard/Keyboard.kicad_pcb
[board_modifier.py:80]: Footprint not found
[key_placer.py:774]: Placing additional elements for SW27
[board_modifier.py:98]: Getting SW27 footprint position: (117770000, 71460000)
[board_modifier.py:75]: Searching for optional ST27 footprint in C:/Apps/dev/Old_Computers/Excalibur/Kicad/Keyboard/Keyboard.kicad_pcb
[board_modifier.py:80]: Footprint not found
[key_placer.py:774]: Placing additional elements for SW26
[board_modifier.py:98]: Getting SW26 footprint position: (117770000, 55910000)
[board_modifier.py:75]: Searching for optional ST26 footprint in C:/Apps/dev/Old_Computers/Excalibur/Kicad/Keyboard/Keyboard.kicad_pcb
[board_modifier.py:80]: Footprint not found
[key_placer.py:774]: Placing additional elements for SW25
[board_modifier.py:98]: Getting SW25 footprint position: (117770000, 40360000)
[board_modifier.py:75]: Searching for optional ST25 footprint in C:/Apps/dev/Old_Computers/Excalibur/Kicad/Keyboard/Keyboard.kicad_pcb
[board_modifier.py:80]: Footprint not found
[key_placer.py:774]: Placing additional elements for SW24
[board_modifier.py:98]: Getting SW24 footprint position: (102220000, 149210000)
[board_modifier.py:75]: Searching for optional ST24 footprint in C:/Apps/dev/Old_Computers/Excalibur/Kicad/Keyboard/Keyboard.kicad_pcb
[board_modifier.py:80]: Footprint not found
[key_placer.py:774]: Placing additional elements for SW23
[board_modifier.py:98]: Getting SW23 footprint position: (102220000, 133660000)
[board_modifier.py:75]: Searching for optional ST23 footprint in C:/Apps/dev/Old_Computers/Excalibur/Kicad/Keyboard/Keyboard.kicad_pcb
[board_modifier.py:80]: Footprint not found
[key_placer.py:774]: Placing additional elements for SW22
[board_modifier.py:98]: Getting SW22 footprint position: (102220000, 118110000)
[board_modifier.py:75]: Searching for optional ST22 footprint in C:/Apps/dev/Old_Computers/Excalibur/Kicad/Keyboard/Keyboard.kicad_pcb
[board_modifier.py:80]: Footprint not found
[key_placer.py:774]: Placing additional elements for SW21
[board_modifier.py:98]: Getting SW21 footprint position: (102220000, 102560000)
[board_modifier.py:75]: Searching for optional ST21 footprint in C:/Apps/dev/Old_Computers/Excalibur/Kicad/Keyboard/Keyboard.kicad_pcb
[board_modifier.py:80]: Footprint not found
[key_placer.py:774]: Placing additional elements for SW20
[board_modifier.py:98]: Getting SW20 footprint position: (102220000, 87010000)
[board_modifier.py:75]: Searching for optional ST20 footprint in C:/Apps/dev/Old_Computers/Excalibur/Kicad/Keyboard/Keyboard.kicad_pcb
[board_modifier.py:80]: Footprint not found
[key_placer.py:774]: Placing additional elements for SW19
[board_modifier.py:98]: Getting SW19 footprint position: (102220000, 71460000)
[board_modifier.py:75]: Searching for optional ST19 footprint in C:/Apps/dev/Old_Computers/Excalibur/Kicad/Keyboard/Keyboard.kicad_pcb
[board_modifier.py:80]: Footprint not found
[key_placer.py:774]: Placing additional elements for SW18
[board_modifier.py:98]: Getting SW18 footprint position: (102220000, 55910000)
[board_modifier.py:75]: Searching for optional ST18 footprint in C:/Apps/dev/Old_Computers/Excalibur/Kicad/Keyboard/Keyboard.kicad_pcb
[board_modifier.py:80]: Footprint not found
[key_placer.py:774]: Placing additional elements for SW17
[board_modifier.py:98]: Getting SW17 footprint position: (102220000, 40360000)
[board_modifier.py:75]: Searching for optional ST17 footprint in C:/Apps/dev/Old_Computers/Excalibur/Kicad/Keyboard/Keyboard.kicad_pcb
[board_modifier.py:80]: Footprint not found
[key_placer.py:774]: Placing additional elements for SW16
[board_modifier.py:98]: Getting SW16 footprint position: (86670000, 149210000)
[board_modifier.py:75]: Searching for optional ST16 footprint in C:/Apps/dev/Old_Computers/Excalibur/Kicad/Keyboard/Keyboard.kicad_pcb
[board_modifier.py:80]: Footprint not found
[key_placer.py:774]: Placing additional elements for SW15
[board_modifier.py:98]: Getting SW15 footprint position: (86670000, 133660000)
[board_modifier.py:75]: Searching for optional ST15 footprint in C:/Apps/dev/Old_Computers/Excalibur/Kicad/Keyboard/Keyboard.kicad_pcb
[board_modifier.py:80]: Footprint not found
[key_placer.py:774]: Placing additional elements for SW14
[board_modifier.py:98]: Getting SW14 footprint position: (86670000, 118110000)
[board_modifier.py:75]: Searching for optional ST14 footprint in C:/Apps/dev/Old_Computers/Excalibur/Kicad/Keyboard/Keyboard.kicad_pcb
[board_modifier.py:80]: Footprint not found
[key_placer.py:774]: Placing additional elements for SW13
[board_modifier.py:98]: Getting SW13 footprint position: (86670000, 102560000)
[board_modifier.py:75]: Searching for optional ST13 footprint in C:/Apps/dev/Old_Computers/Excalibur/Kicad/Keyboard/Keyboard.kicad_pcb
[board_modifier.py:80]: Footprint not found
[key_placer.py:774]: Placing additional elements for SW12
[board_modifier.py:98]: Getting SW12 footprint position: (86670000, 87010000)
[board_modifier.py:75]: Searching for optional ST12 footprint in C:/Apps/dev/Old_Computers/Excalibur/Kicad/Keyboard/Keyboard.kicad_pcb
[board_modifier.py:80]: Footprint not found
[key_placer.py:774]: Placing additional elements for SW11
[board_modifier.py:98]: Getting SW11 footprint position: (86670000, 71460000)
[board_modifier.py:75]: Searching for optional ST11 footprint in C:/Apps/dev/Old_Computers/Excalibur/Kicad/Keyboard/Keyboard.kicad_pcb
[board_modifier.py:80]: Footprint not found
[key_placer.py:774]: Placing additional elements for SW10
[board_modifier.py:98]: Getting SW10 footprint position: (86670000, 55910000)
[board_modifier.py:75]: Searching for optional ST10 footprint in C:/Apps/dev/Old_Computers/Excalibur/Kicad/Keyboard/Keyboard.kicad_pcb
[board_modifier.py:80]: Footprint not found
[key_placer.py:774]: Placing additional elements for SW9
[board_modifier.py:98]: Getting SW9 footprint position: (86670000, 40360000)
[board_modifier.py:75]: Searching for optional ST9 footprint in C:/Apps/dev/Old_Computers/Excalibur/Kicad/Keyboard/Keyboard.kicad_pcb
[board_modifier.py:80]: Footprint not found
[key_placer.py:774]: Placing additional elements for SW8
[board_modifier.py:98]: Getting SW8 footprint position: (71120000, 149210000)
[board_modifier.py:75]: Searching for optional ST8 footprint in C:/Apps/dev/Old_Computers/Excalibur/Kicad/Keyboard/Keyboard.kicad_pcb
[board_modifier.py:80]: Footprint not found
[key_placer.py:774]: Placing additional elements for SW7
[board_modifier.py:98]: Getting SW7 footprint position: (71120000, 133660000)
[board_modifier.py:75]: Searching for optional ST7 footprint in C:/Apps/dev/Old_Computers/Excalibur/Kicad/Keyboard/Keyboard.kicad_pcb
[board_modifier.py:80]: Footprint not found
[key_placer.py:774]: Placing additional elements for SW6
[board_modifier.py:98]: Getting SW6 footprint position: (71120000, 118110000)
[board_modifier.py:75]: Searching for optional ST6 footprint in C:/Apps/dev/Old_Computers/Excalibur/Kicad/Keyboard/Keyboard.kicad_pcb
[board_modifier.py:80]: Footprint not found
[key_placer.py:774]: Placing additional elements for SW5
[board_modifier.py:98]: Getting SW5 footprint position: (71120000, 102560000)
[board_modifier.py:75]: Searching for optional ST5 footprint in C:/Apps/dev/Old_Computers/Excalibur/Kicad/Keyboard/Keyboard.kicad_pcb
[board_modifier.py:80]: Footprint not found
[key_placer.py:774]: Placing additional elements for SW4
[board_modifier.py:98]: Getting SW4 footprint position: (71120000, 87010000)
[board_modifier.py:75]: Searching for optional ST4 footprint in C:/Apps/dev/Old_Computers/Excalibur/Kicad/Keyboard/Keyboard.kicad_pcb
[board_modifier.py:80]: Footprint not found
[key_placer.py:774]: Placing additional elements for SW3
[board_modifier.py:98]: Getting SW3 footprint position: (71120000, 71460000)
[board_modifier.py:75]: Searching for optional ST3 footprint in C:/Apps/dev/Old_Computers/Excalibur/Kicad/Keyboard/Keyboard.kicad_pcb
[board_modifier.py:80]: Footprint not found
[key_placer.py:774]: Placing additional elements for SW2
[board_modifier.py:98]: Getting SW2 footprint position: (71120000, 55910000)
[board_modifier.py:75]: Searching for optional ST2 footprint in C:/Apps/dev/Old_Computers/Excalibur/Kicad/Keyboard/Keyboard.kicad_pcb
[board_modifier.py:80]: Footprint not found
[key_placer.py:774]: Placing additional elements for SW1
[board_modifier.py:98]: Getting SW1 footprint position: (71120000, 40360000)
[board_modifier.py:75]: Searching for optional ST1 footprint in C:/Apps/dev/Old_Computers/Excalibur/Kicad/Keyboard/Keyboard.kicad_pcb
[board_modifier.py:80]: Footprint not found
[key_placer.py:819]: Routing COL1 pads
[board_modifier.py:522]: Routing at F.Cu layer
[board_modifier.py:539]: Netclass: Default, track width: 200000
[board_modifier.py:601]: Routing pad 'SW7:1' at (67310000, 131120000) with pad 'SW15:1' at (82860000, 131120000) using coordinate system rotated by 0 degree(s)
[board_modifier.py:445]: Adding track segment (F.Cu): [(67310000, 131120000), (82860000, 131120000)]
[board_modifier.py:450]: Track added
[board_modifier.py:522]: Routing at F.Cu layer
[board_modifier.py:539]: Netclass: Default, track width: 200000
[board_modifier.py:601]: Routing pad 'SW15:1' at (82860000, 131120000) with pad 'SW23:1' at (98410000, 131120000) using coordinate system rotated by 0 degree(s)
[board_modifier.py:445]: Adding track segment (F.Cu): [(82860000, 131120000), (98410000, 131120000)]
[board_modifier.py:450]: Track added
[board_modifier.py:522]: Routing at F.Cu layer
[board_modifier.py:539]: Netclass: Default, track width: 200000
[board_modifier.py:601]: Routing pad 'SW23:1' at (98410000, 131120000) with pad 'SW31:1' at (113960000, 131120000) using coordinate system rotated by 0 degree(s)
[board_modifier.py:445]: Adding track segment (F.Cu): [(98410000, 131120000), (113960000, 131120000)]
[board_modifier.py:450]: Track added
[board_modifier.py:522]: Routing at F.Cu layer
[board_modifier.py:539]: Netclass: Default, track width: 200000
[board_modifier.py:601]: Routing pad 'SW31:1' at (113960000, 131120000) with pad 'SW39:1' at (129510000, 131120000) using coordinate system rotated by 0 degree(s)
[board_modifier.py:445]: Adding track segment (F.Cu): [(113960000, 131120000), (129510000, 131120000)]
[board_modifier.py:450]: Track added
[board_modifier.py:522]: Routing at F.Cu layer
[board_modifier.py:539]: Netclass: Default, track width: 200000
[board_modifier.py:601]: Routing pad 'SW39:1' at (129510000, 131120000) with pad 'SW47:1' at (145060000, 131120000) using coordinate system rotated by 0 degree(s)
[board_modifier.py:445]: Adding track segment (F.Cu): [(129510000, 131120000), (145060000, 131120000)]
[board_modifier.py:450]: Track added
[board_modifier.py:522]: Routing at F.Cu layer
[board_modifier.py:539]: Netclass: Default, track width: 200000
[board_modifier.py:601]: Routing pad 'SW47:1' at (145060000, 131120000) with pad 'SW55:1' at (160610000, 131120000) using coordinate system rotated by 0 degree(s)
[board_modifier.py:445]: Adding track segment (F.Cu): [(145060000, 131120000), (160610000, 131120000)]
[board_modifier.py:450]: Track added
[board_modifier.py:522]: Routing at F.Cu layer
[board_modifier.py:539]: Netclass: Default, track width: 200000
[board_modifier.py:601]: Routing pad 'SW55:1' at (160610000, 131120000) with pad 'SW63:1' at (176160000, 131120000) using coordinate system rotated by 0 degree(s)
[board_modifier.py:445]: Adding track segment (F.Cu): [(160610000, 131120000), (176160000, 131120000)]
[board_modifier.py:450]: Track added
[board_modifier.py:522]: Routing at F.Cu layer
[board_modifier.py:539]: Netclass: Default, track width: 200000
[board_modifier.py:601]: Routing pad 'SW63:1' at (176160000, 131120000) with pad 'J1:8' at (192610000, 42530000) using coordinate system rotated by 0 degree(s)
[board_modifier.py:445]: Adding track segment (F.Cu): [(176160000, 131120000), (176160000, 58980000)]
[board_modifier.py:455]: Could not add track segment due to detected collision
[board_modifier.py:445]: Adding track segment (F.Cu): [(176160000, 131120000), (192610000, 114670000)]
[board_modifier.py:450]: Track added
[board_modifier.py:445]: Adding track segment (F.Cu): [(192610000, 114670000), (192610000, 42530000)]
[board_modifier.py:455]: Could not add track segment due to detected collision
[key_placer.py:819]: Routing COL0 pads
[board_modifier.py:522]: Routing at F.Cu layer
[board_modifier.py:539]: Netclass: Default, track width: 200000
[board_modifier.py:601]: Routing pad 'SW8:1' at (67310000, 146670000) with pad 'SW16:1' at (82860000, 146670000) using coordinate system rotated by 0 degree(s)
[board_modifier.py:445]: Adding track segment (F.Cu): [(67310000, 146670000), (82860000, 146670000)]
[board_modifier.py:450]: Track added
[board_modifier.py:522]: Routing at F.Cu layer
[board_modifier.py:539]: Netclass: Default, track width: 200000
[board_modifier.py:601]: Routing pad 'SW16:1' at (82860000, 146670000) with pad 'SW24:1' at (98410000, 146670000) using coordinate system rotated by 0 degree(s)
[board_modifier.py:445]: Adding track segment (F.Cu): [(82860000, 146670000), (98410000, 146670000)]
[board_modifier.py:450]: Track added
[board_modifier.py:522]: Routing at F.Cu layer
[board_modifier.py:539]: Netclass: Default, track width: 200000
[board_modifier.py:601]: Routing pad 'SW24:1' at (98410000, 146670000) with pad 'SW32:1' at (113960000, 146670000) using coordinate system rotated by 0 degree(s)
[board_modifier.py:445]: Adding track segment (F.Cu): [(98410000, 146670000), (113960000, 146670000)]
[board_modifier.py:450]: Track added
[board_modifier.py:522]: Routing at F.Cu layer
[board_modifier.py:539]: Netclass: Default, track width: 200000
[board_modifier.py:601]: Routing pad 'SW32:1' at (113960000, 146670000) with pad 'SW40:1' at (129510000, 146670000) using coordinate system rotated by 0 degree(s)
[board_modifier.py:445]: Adding track segment (F.Cu): [(113960000, 146670000), (129510000, 146670000)]
[board_modifier.py:450]: Track added
[board_modifier.py:522]: Routing at F.Cu layer
[board_modifier.py:539]: Netclass: Default, track width: 200000
[board_modifier.py:601]: Routing pad 'SW40:1' at (129510000, 146670000) with pad 'SW48:1' at (145060000, 146670000) using coordinate system rotated by 0 degree(s)
[board_modifier.py:445]: Adding track segment (F.Cu): [(129510000, 146670000), (145060000, 146670000)]
[board_modifier.py:450]: Track added
[board_modifier.py:522]: Routing at F.Cu layer
[board_modifier.py:539]: Netclass: Default, track width: 200000
[board_modifier.py:601]: Routing pad 'SW48:1' at (145060000, 146670000) with pad 'SW56:1' at (160610000, 146670000) using coordinate system rotated by 0 degree(s)
[board_modifier.py:445]: Adding track segment (F.Cu): [(145060000, 146670000), (160610000, 146670000)]
[board_modifier.py:450]: Track added
[board_modifier.py:522]: Routing at F.Cu layer
[board_modifier.py:539]: Netclass: Default, track width: 200000
[board_modifier.py:601]: Routing pad 'SW56:1' at (160610000, 146670000) with pad 'SW64:1' at (176160000, 146670000) using coordinate system rotated by 0 degree(s)
[board_modifier.py:445]: Adding track segment (F.Cu): [(160610000, 146670000), (176160000, 146670000)]
[board_modifier.py:450]: Track added
[board_modifier.py:522]: Routing at F.Cu layer
[board_modifier.py:539]: Netclass: Default, track width: 200000
[board_modifier.py:601]: Routing pad 'SW64:1' at (176160000, 146670000) with pad 'J1:7' at (190070000, 42530000) using coordinate system rotated by 0 degree(s)
[board_modifier.py:445]: Adding track segment (F.Cu): [(176160000, 146670000), (176160000, 56440000)]
[board_modifier.py:455]: Could not add track segment due to detected collision
[board_modifier.py:445]: Adding track segment (F.Cu): [(176160000, 146670000), (190070000, 132760000)]
[board_modifier.py:450]: Track added
[board_modifier.py:445]: Adding track segment (F.Cu): [(190070000, 132760000), (190070000, 42530000)]
[board_modifier.py:455]: Could not add track segment due to detected collision
[key_placer.py:819]: Routing ROW6 pads
[board_modifier.py:522]: Routing at F.Cu layer
[board_modifier.py:539]: Netclass: Default, track width: 200000
[board_modifier.py:601]: Routing pad 'SW9:2' at (89210000, 35280000) with pad 'SW10:2' at (89210000, 50830000) using coordinate system rotated by 0 degree(s)
[board_modifier.py:445]: Adding track segment (F.Cu): [(89210000, 35280000), (89210000, 50830000)]
[board_modifier.py:450]: Track added
[board_modifier.py:522]: Routing at F.Cu layer
[board_modifier.py:539]: Netclass: Default, track width: 200000
[board_modifier.py:601]: Routing pad 'SW10:2' at (89210000, 50830000) with pad 'SW11:2' at (89210000, 66380000) using coordinate system rotated by 0 degree(s)
[board_modifier.py:445]: Adding track segment (F.Cu): [(89210000, 50830000), (89210000, 66380000)]
[board_modifier.py:450]: Track added
[board_modifier.py:522]: Routing at F.Cu layer
[board_modifier.py:539]: Netclass: Default, track width: 200000
[board_modifier.py:601]: Routing pad 'SW11:2' at (89210000, 66380000) with pad 'SW12:2' at (89210000, 81930000) using coordinate system rotated by 0 degree(s)
[board_modifier.py:445]: Adding track segment (F.Cu): [(89210000, 66380000), (89210000, 81930000)]
[board_modifier.py:450]: Track added
[board_modifier.py:522]: Routing at F.Cu layer
[board_modifier.py:539]: Netclass: Default, track width: 200000
[board_modifier.py:601]: Routing pad 'SW12:2' at (89210000, 81930000) with pad 'SW13:2' at (89210000, 97480000) using coordinate system rotated by 0 degree(s)
[board_modifier.py:445]: Adding track segment (F.Cu): [(89210000, 81930000), (89210000, 97480000)]
[board_modifier.py:450]: Track added
[board_modifier.py:522]: Routing at F.Cu layer
[board_modifier.py:539]: Netclass: Default, track width: 200000
[board_modifier.py:601]: Routing pad 'SW13:2' at (89210000, 97480000) with pad 'SW14:2' at (89210000, 113030000) using coordinate system rotated by 0 degree(s)
[board_modifier.py:445]: Adding track segment (F.Cu): [(89210000, 97480000), (89210000, 113030000)]
[board_modifier.py:450]: Track added
[board_modifier.py:522]: Routing at F.Cu layer
[board_modifier.py:539]: Netclass: Default, track width: 200000
[board_modifier.py:601]: Routing pad 'SW14:2' at (89210000, 113030000) with pad 'SW15:2' at (89210000, 128580000) using coordinate system rotated by 0 degree(s)
[board_modifier.py:445]: Adding track segment (F.Cu): [(89210000, 113030000), (89210000, 128580000)]
[board_modifier.py:450]: Track added
[board_modifier.py:522]: Routing at F.Cu layer
[board_modifier.py:539]: Netclass: Default, track width: 200000
[board_modifier.py:601]: Routing pad 'SW15:2' at (89210000, 128580000) with pad 'SW16:2' at (89210000, 144130000) using coordinate system rotated by 0 degree(s)
[board_modifier.py:445]: Adding track segment (F.Cu): [(89210000, 128580000), (89210000, 144130000)]
[board_modifier.py:455]: Could not add track segment due to detected collision
[board_modifier.py:522]: Routing at F.Cu layer
[board_modifier.py:539]: Netclass: Default, track width: 200000
[board_modifier.py:601]: Routing pad 'SW10:2' at (89210000, 50830000) with pad 'J1:16' at (192610000, 52690000) using coordinate system rotated by 0 degree(s)
[board_modifier.py:445]: Adding track segment (F.Cu): [(89210000, 50830000), (190750000, 50830000)]
[board_modifier.py:455]: Could not add track segment due to detected collision
[board_modifier.py:445]: Adding track segment (F.Cu): [(89210000, 50830000), (91070000, 52690000)]
[board_modifier.py:450]: Track added
[board_modifier.py:445]: Adding track segment (F.Cu): [(91070000, 52690000), (192610000, 52690000)]
[board_modifier.py:455]: Could not add track segment due to detected collision
[key_placer.py:819]: Routing COL5 pads
[board_modifier.py:522]: Routing at F.Cu layer
[board_modifier.py:539]: Netclass: Default, track width: 200000
[board_modifier.py:601]: Routing pad 'SW3:1' at (67310000, 68920000) with pad 'SW11:1' at (82860000, 68920000) using coordinate system rotated by 0 degree(s)
[board_modifier.py:445]: Adding track segment (F.Cu): [(67310000, 68920000), (82860000, 68920000)]
[board_modifier.py:450]: Track added
[board_modifier.py:522]: Routing at F.Cu layer
[board_modifier.py:539]: Netclass: Default, track width: 200000
[board_modifier.py:601]: Routing pad 'SW11:1' at (82860000, 68920000) with pad 'SW19:1' at (98410000, 68920000) using coordinate system rotated by 0 degree(s)
[board_modifier.py:445]: Adding track segment (F.Cu): [(82860000, 68920000), (98410000, 68920000)]
[board_modifier.py:455]: Could not add track segment due to detected collision
[board_modifier.py:522]: Routing at F.Cu layer
[board_modifier.py:539]: Netclass: Default, track width: 200000
[board_modifier.py:601]: Routing pad 'SW19:1' at (98410000, 68920000) with pad 'SW27:1' at (113960000, 68920000) using coordinate system rotated by 0 degree(s)
[board_modifier.py:445]: Adding track segment (F.Cu): [(98410000, 68920000), (113960000, 68920000)]
[board_modifier.py:450]: Track added
[board_modifier.py:522]: Routing at F.Cu layer
[board_modifier.py:539]: Netclass: Default, track width: 200000
[board_modifier.py:601]: Routing pad 'SW27:1' at (113960000, 68920000) with pad 'SW35:1' at (129510000, 68920000) using coordinate system rotated by 0 degree(s)
[board_modifier.py:445]: Adding track segment (F.Cu): [(113960000, 68920000), (129510000, 68920000)]
[board_modifier.py:450]: Track added
[board_modifier.py:522]: Routing at F.Cu layer
[board_modifier.py:539]: Netclass: Default, track width: 200000
[board_modifier.py:601]: Routing pad 'SW35:1' at (129510000, 68920000) with pad 'SW43:1' at (145060000, 68920000) using coordinate system rotated by 0 degree(s)
[board_modifier.py:445]: Adding track segment (F.Cu): [(129510000, 68920000), (145060000, 68920000)]
[board_modifier.py:450]: Track added
[board_modifier.py:522]: Routing at F.Cu layer
[board_modifier.py:539]: Netclass: Default, track width: 200000
[board_modifier.py:601]: Routing pad 'SW43:1' at (145060000, 68920000) with pad 'SW51:1' at (160610000, 68920000) using coordinate system rotated by 0 degree(s)
[board_modifier.py:445]: Adding track segment (F.Cu): [(145060000, 68920000), (160610000, 68920000)]
[board_modifier.py:450]: Track added
[board_modifier.py:522]: Routing at F.Cu layer
[board_modifier.py:539]: Netclass: Default, track width: 200000
[board_modifier.py:601]: Routing pad 'SW51:1' at (160610000, 68920000) with pad 'SW59:1' at (176160000, 68920000) using coordinate system rotated by 0 degree(s)
[board_modifier.py:445]: Adding track segment (F.Cu): [(160610000, 68920000), (176160000, 68920000)]
[board_modifier.py:450]: Track added
[board_modifier.py:522]: Routing at F.Cu layer
[board_modifier.py:539]: Netclass: Default, track width: 200000
[board_modifier.py:601]: Routing pad 'SW59:1' at (176160000, 68920000) with pad 'J1:4' at (192610000, 37450000) using coordinate system rotated by 0 degree(s)
[board_modifier.py:445]: Adding track segment (F.Cu): [(176160000, 68920000), (176160000, 53900000)]
[board_modifier.py:455]: Could not add track segment due to detected collision
[board_modifier.py:445]: Adding track segment (F.Cu): [(176160000, 68920000), (192610000, 52470000)]
[board_modifier.py:455]: Could not add track segment due to detected collision
[key_placer.py:819]: Routing ROW7 pads
[board_modifier.py:522]: Routing at F.Cu layer
[board_modifier.py:539]: Netclass: Default, track width: 200000
[board_modifier.py:601]: Routing pad 'SW1:2' at (73660000, 35280000) with pad 'SW2:2' at (73660000, 50830000) using coordinate system rotated by 0 degree(s)
[board_modifier.py:445]: Adding track segment (F.Cu): [(73660000, 35280000), (73660000, 50830000)]
[board_modifier.py:450]: Track added
[board_modifier.py:522]: Routing at F.Cu layer
[board_modifier.py:539]: Netclass: Default, track width: 200000
[board_modifier.py:601]: Routing pad 'SW2:2' at (73660000, 50830000) with pad 'SW3:2' at (73660000, 66380000) using coordinate system rotated by 0 degree(s)
[board_modifier.py:445]: Adding track segment (F.Cu): [(73660000, 50830000), (73660000, 66380000)]
[board_modifier.py:450]: Track added
[board_modifier.py:522]: Routing at F.Cu layer
[board_modifier.py:539]: Netclass: Default, track width: 200000
[board_modifier.py:601]: Routing pad 'SW3:2' at (73660000, 66380000) with pad 'SW4:2' at (73660000, 81930000) using coordinate system rotated by 0 degree(s)
[board_modifier.py:445]: Adding track segment (F.Cu): [(73660000, 66380000), (73660000, 81930000)]
[board_modifier.py:455]: Could not add track segment due to detected collision
[board_modifier.py:522]: Routing at F.Cu layer
[board_modifier.py:539]: Netclass: Default, track width: 200000
[board_modifier.py:601]: Routing pad 'SW4:2' at (73660000, 81930000) with pad 'SW5:2' at (73660000, 97480000) using coordinate system rotated by 0 degree(s)
[board_modifier.py:445]: Adding track segment (F.Cu): [(73660000, 81930000), (73660000, 97480000)]
[board_modifier.py:450]: Track added
[board_modifier.py:522]: Routing at F.Cu layer
[board_modifier.py:539]: Netclass: Default, track width: 200000
[board_modifier.py:601]: Routing pad 'SW5:2' at (73660000, 97480000) with pad 'SW6:2' at (73660000, 113030000) using coordinate system rotated by 0 degree(s)
[board_modifier.py:445]: Adding track segment (F.Cu): [(73660000, 97480000), (73660000, 113030000)]
[board_modifier.py:450]: Track added
[board_modifier.py:522]: Routing at F.Cu layer
[board_modifier.py:539]: Netclass: Default, track width: 200000
[board_modifier.py:601]: Routing pad 'SW6:2' at (73660000, 113030000) with pad 'SW7:2' at (73660000, 128580000) using coordinate system rotated by 0 degree(s)
[board_modifier.py:445]: Adding track segment (F.Cu): [(73660000, 113030000), (73660000, 128580000)]
[board_modifier.py:450]: Track added
[board_modifier.py:522]: Routing at F.Cu layer
[board_modifier.py:539]: Netclass: Default, track width: 200000
[board_modifier.py:601]: Routing pad 'SW7:2' at (73660000, 128580000) with pad 'SW8:2' at (73660000, 144130000) using coordinate system rotated by 0 degree(s)
[board_modifier.py:445]: Adding track segment (F.Cu): [(73660000, 128580000), (73660000, 144130000)]
[board_modifier.py:455]: Could not add track segment due to detected collision
[board_modifier.py:522]: Routing at F.Cu layer
[board_modifier.py:539]: Netclass: Default, track width: 200000
[board_modifier.py:601]: Routing pad 'SW2:2' at (73660000, 50830000) with pad 'J1:15' at (190070000, 52690000) using coordinate system rotated by 0 degree(s)
[board_modifier.py:445]: Adding track segment (F.Cu): [(73660000, 50830000), (188210000, 50830000)]
[board_modifier.py:455]: Could not add track segment due to detected collision
[board_modifier.py:445]: Adding track segment (F.Cu): [(73660000, 50830000), (75520000, 52690000)]
[board_modifier.py:450]: Track added
[board_modifier.py:445]: Adding track segment (F.Cu): [(75520000, 52690000), (190070000, 52690000)]
[board_modifier.py:455]: Could not add track segment due to detected collision
[key_placer.py:819]: Routing ROW0 pads
[board_modifier.py:522]: Routing at F.Cu layer
[board_modifier.py:539]: Netclass: Default, track width: 200000
[board_modifier.py:601]: Routing pad 'J1:10' at (192610000, 45070000) with pad 'SW58:2' at (182510000, 50830000) using coordinate system rotated by 0 degree(s)
[board_modifier.py:445]: Adding track segment (F.Cu): [(192610000, 45070000), (188270000, 45070000)]
[board_modifier.py:455]: Could not add track segment due to detected collision
[board_modifier.py:445]: Adding track segment (F.Cu): [(192610000, 45070000), (186850000, 50830000)]
[board_modifier.py:455]: Could not add track segment due to detected collision
[board_modifier.py:522]: Routing at F.Cu layer
[board_modifier.py:539]: Netclass: Default, track width: 200000
[board_modifier.py:601]: Routing pad 'SW58:2' at (182510000, 50830000) with pad 'SW59:2' at (182510000, 66380000) using coordinate system rotated by 0 degree(s)
[board_modifier.py:445]: Adding track segment (F.Cu): [(182510000, 50830000), (182510000, 66380000)]
[board_modifier.py:450]: Track added
[board_modifier.py:522]: Routing at F.Cu layer
[board_modifier.py:539]: Netclass: Default, track width: 200000
[board_modifier.py:601]: Routing pad 'SW59:2' at (182510000, 66380000) with pad 'SW60:2' at (182510000, 81930000) using coordinate system rotated by 0 degree(s)
[board_modifier.py:445]: Adding track segment (F.Cu): [(182510000, 66380000), (182510000, 81930000)]
[board_modifier.py:450]: Track added
[board_modifier.py:522]: Routing at F.Cu layer
[board_modifier.py:539]: Netclass: Default, track width: 200000
[board_modifier.py:601]: Routing pad 'SW60:2' at (182510000, 81930000) with pad 'SW61:2' at (182510000, 97480000) using coordinate system rotated by 0 degree(s)
[board_modifier.py:445]: Adding track segment (F.Cu): [(182510000, 81930000), (182510000, 97480000)]
[board_modifier.py:450]: Track added
[board_modifier.py:522]: Routing at F.Cu layer
[board_modifier.py:539]: Netclass: Default, track width: 200000
[board_modifier.py:601]: Routing pad 'SW61:2' at (182510000, 97480000) with pad 'SW62:2' at (182510000, 113030000) using coordinate system rotated by 0 degree(s)
[board_modifier.py:445]: Adding track segment (F.Cu): [(182510000, 97480000), (182510000, 113030000)]
[board_modifier.py:450]: Track added
[board_modifier.py:522]: Routing at F.Cu layer
[board_modifier.py:539]: Netclass: Default, track width: 200000
[board_modifier.py:601]: Routing pad 'SW62:2' at (182510000, 113030000) with pad 'SW63:2' at (182510000, 128580000) using coordinate system rotated by 0 degree(s)
[board_modifier.py:445]: Adding track segment (F.Cu): [(182510000, 113030000), (182510000, 128580000)]
[board_modifier.py:455]: Could not add track segment due to detected collision
[board_modifier.py:522]: Routing at F.Cu layer
[board_modifier.py:539]: Netclass: Default, track width: 200000
[board_modifier.py:601]: Routing pad 'SW63:2' at (182510000, 128580000) with pad 'SW64:2' at (182510000, 144130000) using coordinate system rotated by 0 degree(s)
[board_modifier.py:445]: Adding track segment (F.Cu): [(182510000, 128580000), (182510000, 144130000)]
[board_modifier.py:455]: Could not add track segment due to detected collision
[board_modifier.py:522]: Routing at F.Cu layer
[board_modifier.py:539]: Netclass: Default, track width: 200000
[board_modifier.py:601]: Routing pad 'SW57:2' at (182510000, 35280000) with pad 'J1:10' at (192610000, 45070000) using coordinate system rotated by 0 degree(s)
[board_modifier.py:445]: Adding track segment (F.Cu): [(182510000, 35280000), (182820000, 35280000)]
[board_modifier.py:450]: Track added
[board_modifier.py:445]: Adding track segment (F.Cu): [(182820000, 35280000), (192610000, 45070000)]
[board_modifier.py:455]: Could not add track segment due to detected collision
[board_modifier.py:445]: Adding track segment (F.Cu): [(182510000, 35280000), (192300000, 45070000)]
[board_modifier.py:455]: Could not add track segment due to detected collision
[key_placer.py:819]: Routing COL4 pads
[board_modifier.py:522]: Routing at F.Cu layer
[board_modifier.py:539]: Netclass: Default, track width: 200000
[board_modifier.py:601]: Routing pad 'SW4:1' at (67310000, 84470000) with pad 'SW12:1' at (82860000, 84470000) using coordinate system rotated by 0 degree(s)
[board_modifier.py:445]: Adding track segment (F.Cu): [(67310000, 84470000), (82860000, 84470000)]
[board_modifier.py:455]: Could not add track segment due to detected collision
[board_modifier.py:522]: Routing at F.Cu layer
[board_modifier.py:539]: Netclass: Default, track width: 200000
[board_modifier.py:601]: Routing pad 'SW12:1' at (82860000, 84470000) with pad 'SW20:1' at (98410000, 84470000) using coordinate system rotated by 0 degree(s)
[board_modifier.py:445]: Adding track segment (F.Cu): [(82860000, 84470000), (98410000, 84470000)]
[board_modifier.py:455]: Could not add track segment due to detected collision
[board_modifier.py:522]: Routing at F.Cu layer
[board_modifier.py:539]: Netclass: Default, track width: 200000
[board_modifier.py:601]: Routing pad 'SW20:1' at (98410000, 84470000) with pad 'SW28:1' at (113960000, 84470000) using coordinate system rotated by 0 degree(s)
[board_modifier.py:445]: Adding track segment (F.Cu): [(98410000, 84470000), (113960000, 84470000)]
[board_modifier.py:450]: Track added
[board_modifier.py:522]: Routing at F.Cu layer
[board_modifier.py:539]: Netclass: Default, track width: 200000
[board_modifier.py:601]: Routing pad 'SW28:1' at (113960000, 84470000) with pad 'SW36:1' at (129510000, 84470000) using coordinate system rotated by 0 degree(s)
[board_modifier.py:445]: Adding track segment (F.Cu): [(113960000, 84470000), (129510000, 84470000)]
[board_modifier.py:450]: Track added
[board_modifier.py:522]: Routing at F.Cu layer
[board_modifier.py:539]: Netclass: Default, track width: 200000
[board_modifier.py:601]: Routing pad 'SW36:1' at (129510000, 84470000) with pad 'SW44:1' at (145060000, 84470000) using coordinate system rotated by 0 degree(s)
[board_modifier.py:445]: Adding track segment (F.Cu): [(129510000, 84470000), (145060000, 84470000)]
[board_modifier.py:450]: Track added
[board_modifier.py:522]: Routing at F.Cu layer
[board_modifier.py:539]: Netclass: Default, track width: 200000
[board_modifier.py:601]: Routing pad 'SW44:1' at (145060000, 84470000) with pad 'SW52:1' at (160610000, 84470000) using coordinate system rotated by 0 degree(s)
[board_modifier.py:445]: Adding track segment (F.Cu): [(145060000, 84470000), (160610000, 84470000)]
[board_modifier.py:450]: Track added
[board_modifier.py:522]: Routing at F.Cu layer
[board_modifier.py:539]: Netclass: Default, track width: 200000
[board_modifier.py:601]: Routing pad 'SW52:1' at (160610000, 84470000) with pad 'SW60:1' at (176160000, 84470000) using coordinate system rotated by 0 degree(s)
[board_modifier.py:445]: Adding track segment (F.Cu): [(160610000, 84470000), (176160000, 84470000)]
[board_modifier.py:450]: Track added
[board_modifier.py:522]: Routing at F.Cu layer
[board_modifier.py:539]: Netclass: Default, track width: 200000
[board_modifier.py:601]: Routing pad 'SW60:1' at (176160000, 84470000) with pad 'J1:3' at (190070000, 37450000) using coordinate system rotated by 0 degree(s)
[board_modifier.py:445]: Adding track segment (F.Cu): [(176160000, 84470000), (176160000, 51360000)]
[board_modifier.py:455]: Could not add track segment due to detected collision
[board_modifier.py:445]: Adding track segment (F.Cu): [(176160000, 84470000), (190070000, 70560000)]
[board_modifier.py:455]: Could not add track segment due to detected collision
[key_placer.py:819]: Routing COL2 pads
[board_modifier.py:522]: Routing at F.Cu layer
[board_modifier.py:539]: Netclass: Default, track width: 200000
[board_modifier.py:601]: Routing pad 'SW6:1' at (67310000, 115570000) with pad 'SW14:1' at (82860000, 115570000) using coordinate system rotated by 0 degree(s)
[board_modifier.py:445]: Adding track segment (F.Cu): [(67310000, 115570000), (82860000, 115570000)]
[board_modifier.py:455]: Could not add track segment due to detected collision
[board_modifier.py:522]: Routing at F.Cu layer
[board_modifier.py:539]: Netclass: Default, track width: 200000
[board_modifier.py:601]: Routing pad 'SW14:1' at (82860000, 115570000) with pad 'SW22:1' at (98410000, 115570000) using coordinate system rotated by 0 degree(s)
[board_modifier.py:445]: Adding track segment (F.Cu): [(82860000, 115570000), (98410000, 115570000)]
[board_modifier.py:455]: Could not add track segment due to detected collision
[board_modifier.py:522]: Routing at F.Cu layer
[board_modifier.py:539]: Netclass: Default, track width: 200000
[board_modifier.py:601]: Routing pad 'SW22:1' at (98410000, 115570000) with pad 'SW30:1' at (113960000, 115570000) using coordinate system rotated by 0 degree(s)
[board_modifier.py:445]: Adding track segment (F.Cu): [(98410000, 115570000), (113960000, 115570000)]
[board_modifier.py:450]: Track added
[board_modifier.py:522]: Routing at F.Cu layer
[board_modifier.py:539]: Netclass: Default, track width: 200000
[board_modifier.py:601]: Routing pad 'SW30:1' at (113960000, 115570000) with pad 'SW38:1' at (129510000, 115570000) using coordinate system rotated by 0 degree(s)
[board_modifier.py:445]: Adding track segment (F.Cu): [(113960000, 115570000), (129510000, 115570000)]
[board_modifier.py:450]: Track added
[board_modifier.py:522]: Routing at F.Cu layer
[board_modifier.py:539]: Netclass: Default, track width: 200000
[board_modifier.py:601]: Routing pad 'SW38:1' at (129510000, 115570000) with pad 'SW46:1' at (145060000, 115570000) using coordinate system rotated by 0 degree(s)
[board_modifier.py:445]: Adding track segment (F.Cu): [(129510000, 115570000), (145060000, 115570000)]
[board_modifier.py:450]: Track added
[board_modifier.py:522]: Routing at F.Cu layer
[board_modifier.py:539]: Netclass: Default, track width: 200000
[board_modifier.py:601]: Routing pad 'SW46:1' at (145060000, 115570000) with pad 'SW54:1' at (160610000, 115570000) using coordinate system rotated by 0 degree(s)
[board_modifier.py:445]: Adding track segment (F.Cu): [(145060000, 115570000), (160610000, 115570000)]
[board_modifier.py:450]: Track added
[board_modifier.py:522]: Routing at F.Cu layer
[board_modifier.py:539]: Netclass: Default, track width: 200000
[board_modifier.py:601]: Routing pad 'SW54:1' at (160610000, 115570000) with pad 'SW62:1' at (176160000, 115570000) using coordinate system rotated by 0 degree(s)
[board_modifier.py:445]: Adding track segment (F.Cu): [(160610000, 115570000), (176160000, 115570000)]
[board_modifier.py:450]: Track added
[board_modifier.py:522]: Routing at F.Cu layer
[board_modifier.py:539]: Netclass: Default, track width: 200000
[board_modifier.py:601]: Routing pad 'SW62:1' at (176160000, 115570000) with pad 'J1:5' at (190070000, 39990000) using coordinate system rotated by 0 degree(s)
[board_modifier.py:445]: Adding track segment (F.Cu): [(176160000, 115570000), (176160000, 53900000)]
[board_modifier.py:455]: Could not add track segment due to detected collision
[board_modifier.py:445]: Adding track segment (F.Cu): [(176160000, 115570000), (190070000, 101660000)]
[board_modifier.py:455]: Could not add track segment due to detected collision
[key_placer.py:819]: Routing ROW2 pads
[board_modifier.py:522]: Routing at F.Cu layer
[board_modifier.py:539]: Netclass: Default, track width: 200000
[board_modifier.py:601]: Routing pad 'SW41:2' at (151410000, 35280000) with pad 'SW42:2' at (151410000, 50830000) using coordinate system rotated by 0 degree(s)
[board_modifier.py:445]: Adding track segment (F.Cu): [(151410000, 35280000), (151410000, 50830000)]
[board_modifier.py:450]: Track added
[board_modifier.py:522]: Routing at F.Cu layer
[board_modifier.py:539]: Netclass: Default, track width: 200000
[board_modifier.py:601]: Routing pad 'SW42:2' at (151410000, 50830000) with pad 'SW43:2' at (151410000, 66380000) using coordinate system rotated by 0 degree(s)
[board_modifier.py:445]: Adding track segment (F.Cu): [(151410000, 50830000), (151410000, 66380000)]
[board_modifier.py:450]: Track added
[board_modifier.py:522]: Routing at F.Cu layer
[board_modifier.py:539]: Netclass: Default, track width: 200000
[board_modifier.py:601]: Routing pad 'SW43:2' at (151410000, 66380000) with pad 'SW44:2' at (151410000, 81930000) using coordinate system rotated by 0 degree(s)
[board_modifier.py:445]: Adding track segment (F.Cu): [(151410000, 66380000), (151410000, 81930000)]
[board_modifier.py:455]: Could not add track segment due to detected collision
[board_modifier.py:522]: Routing at F.Cu layer
[board_modifier.py:539]: Netclass: Default, track width: 200000
[board_modifier.py:601]: Routing pad 'SW44:2' at (151410000, 81930000) with pad 'SW45:2' at (151410000, 97480000) using coordinate system rotated by 0 degree(s)
[board_modifier.py:445]: Adding track segment (F.Cu): [(151410000, 81930000), (151410000, 97480000)]
[board_modifier.py:455]: Could not add track segment due to detected collision
[board_modifier.py:522]: Routing at F.Cu layer
[board_modifier.py:539]: Netclass: Default, track width: 200000
[board_modifier.py:601]: Routing pad 'SW45:2' at (151410000, 97480000) with pad 'SW46:2' at (151410000, 113030000) using coordinate system rotated by 0 degree(s)
[board_modifier.py:445]: Adding track segment (F.Cu): [(151410000, 97480000), (151410000, 113030000)]
[board_modifier.py:450]: Track added
[board_modifier.py:522]: Routing at F.Cu layer
[board_modifier.py:539]: Netclass: Default, track width: 200000
[board_modifier.py:601]: Routing pad 'SW46:2' at (151410000, 113030000) with pad 'SW47:2' at (151410000, 128580000) using coordinate system rotated by 0 degree(s)
[board_modifier.py:445]: Adding track segment (F.Cu): [(151410000, 113030000), (151410000, 128580000)]
[board_modifier.py:455]: Could not add track segment due to detected collision
[board_modifier.py:522]: Routing at F.Cu layer
[board_modifier.py:539]: Netclass: Default, track width: 200000
[board_modifier.py:601]: Routing pad 'SW47:2' at (151410000, 128580000) with pad 'SW48:2' at (151410000, 144130000) using coordinate system rotated by 0 degree(s)
[board_modifier.py:445]: Adding track segment (F.Cu): [(151410000, 128580000), (151410000, 144130000)]
[board_modifier.py:455]: Could not add track segment due to detected collision
[board_modifier.py:522]: Routing at F.Cu layer
[board_modifier.py:539]: Netclass: Default, track width: 200000
[board_modifier.py:601]: Routing pad 'SW42:2' at (151410000, 50830000) with pad 'J1:12' at (192610000, 47610000) using coordinate system rotated by 0 degree(s)
[board_modifier.py:445]: Adding track segment (F.Cu): [(151410000, 50830000), (189390000, 50830000)]
[board_modifier.py:455]: Could not add track segment due to detected collision
[board_modifier.py:445]: Adding track segment (F.Cu): [(151410000, 50830000), (154630000, 47610000)]
[board_modifier.py:450]: Track added
[board_modifier.py:445]: Adding track segment (F.Cu): [(154630000, 47610000), (192610000, 47610000)]
[board_modifier.py:455]: Could not add track segment due to detected collision
[key_placer.py:819]: Routing COL6 pads
[board_modifier.py:522]: Routing at F.Cu layer
[board_modifier.py:539]: Netclass: Default, track width: 200000
[board_modifier.py:601]: Routing pad 'SW2:1' at (67310000, 53370000) with pad 'SW10:1' at (82860000, 53370000) using coordinate system rotated by 0 degree(s)
[board_modifier.py:445]: Adding track segment (F.Cu): [(67310000, 53370000), (82860000, 53370000)]
[board_modifier.py:455]: Could not add track segment due to detected collision
[board_modifier.py:522]: Routing at F.Cu layer
[board_modifier.py:539]: Netclass: Default, track width: 200000
[board_modifier.py:601]: Routing pad 'SW10:1' at (82860000, 53370000) with pad 'SW18:1' at (98410000, 53370000) using coordinate system rotated by 0 degree(s)
[board_modifier.py:445]: Adding track segment (F.Cu): [(82860000, 53370000), (98410000, 53370000)]
[board_modifier.py:455]: Could not add track segment due to detected collision
[board_modifier.py:522]: Routing at F.Cu layer
[board_modifier.py:539]: Netclass: Default, track width: 200000
[board_modifier.py:601]: Routing pad 'SW18:1' at (98410000, 53370000) with pad 'SW26:1' at (113960000, 53370000) using coordinate system rotated by 0 degree(s)
[board_modifier.py:445]: Adding track segment (F.Cu): [(98410000, 53370000), (113960000, 53370000)]
[board_modifier.py:450]: Track added
[board_modifier.py:522]: Routing at F.Cu layer
[board_modifier.py:539]: Netclass: Default, track width: 200000
[board_modifier.py:601]: Routing pad 'SW26:1' at (113960000, 53370000) with pad 'SW34:1' at (129510000, 53370000) using coordinate system rotated by 0 degree(s)
[board_modifier.py:445]: Adding track segment (F.Cu): [(113960000, 53370000), (129510000, 53370000)]
[board_modifier.py:450]: Track added
[board_modifier.py:522]: Routing at F.Cu layer
[board_modifier.py:539]: Netclass: Default, track width: 200000
[board_modifier.py:601]: Routing pad 'SW34:1' at (129510000, 53370000) with pad 'SW42:1' at (145060000, 53370000) using coordinate system rotated by 0 degree(s)
[board_modifier.py:445]: Adding track segment (F.Cu): [(129510000, 53370000), (145060000, 53370000)]
[board_modifier.py:450]: Track added
[board_modifier.py:522]: Routing at F.Cu layer
[board_modifier.py:539]: Netclass: Default, track width: 200000
[board_modifier.py:601]: Routing pad 'SW42:1' at (145060000, 53370000) with pad 'SW50:1' at (160610000, 53370000) using coordinate system rotated by 0 degree(s)
[board_modifier.py:445]: Adding track segment (F.Cu): [(145060000, 53370000), (160610000, 53370000)]
[board_modifier.py:455]: Could not add track segment due to detected collision
[board_modifier.py:522]: Routing at F.Cu layer
[board_modifier.py:539]: Netclass: Default, track width: 200000
[board_modifier.py:601]: Routing pad 'SW50:1' at (160610000, 53370000) with pad 'SW58:1' at (176160000, 53370000) using coordinate system rotated by 0 degree(s)
[board_modifier.py:445]: Adding track segment (F.Cu): [(160610000, 53370000), (176160000, 53370000)]
[board_modifier.py:450]: Track added
[board_modifier.py:522]: Routing at F.Cu layer
[board_modifier.py:539]: Netclass: Default, track width: 200000
[board_modifier.py:601]: Routing pad 'SW58:1' at (176160000, 53370000) with pad 'J1:1' at (190070000, 34910000) using coordinate system rotated by 0 degree(s)
[board_modifier.py:445]: Adding track segment (F.Cu): [(176160000, 53370000), (176160000, 48820000)]
[board_modifier.py:450]: Track added
[board_modifier.py:445]: Adding track segment (F.Cu): [(176160000, 48820000), (190070000, 34910000)]
[board_modifier.py:455]: Could not add track segment due to detected collision
[board_modifier.py:445]: Adding track segment (F.Cu): [(176160000, 53370000), (190070000, 39460000)]
[board_modifier.py:455]: Could not add track segment due to detected collision
[key_placer.py:819]: Routing ROW4 pads
[board_modifier.py:522]: Routing at F.Cu layer
[board_modifier.py:539]: Netclass: Default, track width: 200000
[board_modifier.py:601]: Routing pad 'SW25:2' at (120310000, 35280000) with pad 'SW26:2' at (120310000, 50830000) using coordinate system rotated by 0 degree(s)
[board_modifier.py:445]: Adding track segment (F.Cu): [(120310000, 35280000), (120310000, 50830000)]
[board_modifier.py:450]: Track added
[board_modifier.py:522]: Routing at F.Cu layer
[board_modifier.py:539]: Netclass: Default, track width: 200000
[board_modifier.py:601]: Routing pad 'SW26:2' at (120310000, 50830000) with pad 'SW27:2' at (120310000, 66380000) using coordinate system rotated by 0 degree(s)
[board_modifier.py:445]: Adding track segment (F.Cu): [(120310000, 50830000), (120310000, 66380000)]
[board_modifier.py:455]: Could not add track segment due to detected collision
[board_modifier.py:522]: Routing at F.Cu layer
[board_modifier.py:539]: Netclass: Default, track width: 200000
[board_modifier.py:601]: Routing pad 'SW27:2' at (120310000, 66380000) with pad 'SW28:2' at (120310000, 81930000) using coordinate system rotated by 0 degree(s)
[board_modifier.py:445]: Adding track segment (F.Cu): [(120310000, 66380000), (120310000, 81930000)]
[board_modifier.py:455]: Could not add track segment due to detected collision
[board_modifier.py:522]: Routing at F.Cu layer
[board_modifier.py:539]: Netclass: Default, track width: 200000
[board_modifier.py:601]: Routing pad 'SW28:2' at (120310000, 81930000) with pad 'SW29:2' at (120310000, 97480000) using coordinate system rotated by 0 degree(s)
[board_modifier.py:445]: Adding track segment (F.Cu): [(120310000, 81930000), (120310000, 97480000)]
[board_modifier.py:455]: Could not add track segment due to detected collision
[board_modifier.py:522]: Routing at F.Cu layer
[board_modifier.py:539]: Netclass: Default, track width: 200000
[board_modifier.py:601]: Routing pad 'SW29:2' at (120310000, 97480000) with pad 'SW30:2' at (120310000, 113030000) using coordinate system rotated by 0 degree(s)
[board_modifier.py:445]: Adding track segment (F.Cu): [(120310000, 97480000), (120310000, 113030000)]
[board_modifier.py:450]: Track added
[board_modifier.py:522]: Routing at F.Cu layer
[board_modifier.py:539]: Netclass: Default, track width: 200000
[board_modifier.py:601]: Routing pad 'SW30:2' at (120310000, 113030000) with pad 'SW31:2' at (120310000, 128580000) using coordinate system rotated by 0 degree(s)
[board_modifier.py:445]: Adding track segment (F.Cu): [(120310000, 113030000), (120310000, 128580000)]
[board_modifier.py:455]: Could not add track segment due to detected collision
[board_modifier.py:522]: Routing at F.Cu layer
[board_modifier.py:539]: Netclass: Default, track width: 200000
[board_modifier.py:601]: Routing pad 'SW31:2' at (120310000, 128580000) with pad 'SW32:2' at (120310000, 144130000) using coordinate system rotated by 0 degree(s)
[board_modifier.py:445]: Adding track segment (F.Cu): [(120310000, 128580000), (120310000, 144130000)]
[board_modifier.py:455]: Could not add track segment due to detected collision
[board_modifier.py:522]: Routing at F.Cu layer
[board_modifier.py:539]: Netclass: Default, track width: 200000
[board_modifier.py:601]: Routing pad 'SW26:2' at (120310000, 50830000) with pad 'J1:14' at (192610000, 50150000) using coordinate system rotated by 0 degree(s)
[board_modifier.py:445]: Adding track segment (F.Cu): [(120310000, 50830000), (191930000, 50830000)]
[board_modifier.py:455]: Could not add track segment due to detected collision
[board_modifier.py:445]: Adding track segment (F.Cu): [(120310000, 50830000), (120990000, 50150000)]
[board_modifier.py:450]: Track added
[board_modifier.py:445]: Adding track segment (F.Cu): [(120990000, 50150000), (192610000, 50150000)]
[board_modifier.py:455]: Could not add track segment due to detected collision
[key_placer.py:819]: Routing ROW3 pads
[board_modifier.py:522]: Routing at F.Cu layer
[board_modifier.py:539]: Netclass: Default, track width: 200000
[board_modifier.py:601]: Routing pad 'SW33:2' at (135860000, 35280000) with pad 'SW34:2' at (135860000, 50830000) using coordinate system rotated by 0 degree(s)
[board_modifier.py:445]: Adding track segment (F.Cu): [(135860000, 35280000), (135860000, 50830000)]
[board_modifier.py:450]: Track added
[board_modifier.py:522]: Routing at F.Cu layer
[board_modifier.py:539]: Netclass: Default, track width: 200000
[board_modifier.py:601]: Routing pad 'SW34:2' at (135860000, 50830000) with pad 'SW35:2' at (135860000, 66380000) using coordinate system rotated by 0 degree(s)
[board_modifier.py:445]: Adding track segment (F.Cu): [(135860000, 50830000), (135860000, 66380000)]
[board_modifier.py:455]: Could not add track segment due to detected collision
[board_modifier.py:522]: Routing at F.Cu layer
[board_modifier.py:539]: Netclass: Default, track width: 200000
[board_modifier.py:601]: Routing pad 'SW35:2' at (135860000, 66380000) with pad 'SW36:2' at (135860000, 81930000) using coordinate system rotated by 0 degree(s)
[board_modifier.py:445]: Adding track segment (F.Cu): [(135860000, 66380000), (135860000, 81930000)]
[board_modifier.py:455]: Could not add track segment due to detected collision
[board_modifier.py:522]: Routing at F.Cu layer
[board_modifier.py:539]: Netclass: Default, track width: 200000
[board_modifier.py:601]: Routing pad 'SW36:2' at (135860000, 81930000) with pad 'SW37:2' at (135860000, 97480000) using coordinate system rotated by 0 degree(s)
[board_modifier.py:445]: Adding track segment (F.Cu): [(135860000, 81930000), (135860000, 97480000)]
[board_modifier.py:455]: Could not add track segment due to detected collision
[board_modifier.py:522]: Routing at F.Cu layer
[board_modifier.py:539]: Netclass: Default, track width: 200000
[board_modifier.py:601]: Routing pad 'SW37:2' at (135860000, 97480000) with pad 'SW38:2' at (135860000, 113030000) using coordinate system rotated by 0 degree(s)
[board_modifier.py:445]: Adding track segment (F.Cu): [(135860000, 97480000), (135860000, 113030000)]
[board_modifier.py:450]: Track added
[board_modifier.py:522]: Routing at F.Cu layer
[board_modifier.py:539]: Netclass: Default, track width: 200000
[board_modifier.py:601]: Routing pad 'SW38:2' at (135860000, 113030000) with pad 'SW39:2' at (135860000, 128580000) using coordinate system rotated by 0 degree(s)
[board_modifier.py:445]: Adding track segment (F.Cu): [(135860000, 113030000), (135860000, 128580000)]
[board_modifier.py:455]: Could not add track segment due to detected collision
[board_modifier.py:522]: Routing at F.Cu layer
[board_modifier.py:539]: Netclass: Default, track width: 200000
[board_modifier.py:601]: Routing pad 'SW39:2' at (135860000, 128580000) with pad 'SW40:2' at (135860000, 144130000) using coordinate system rotated by 0 degree(s)
[board_modifier.py:445]: Adding track segment (F.Cu): [(135860000, 128580000), (135860000, 144130000)]
[board_modifier.py:455]: Could not add track segment due to detected collision
[board_modifier.py:522]: Routing at F.Cu layer
[board_modifier.py:539]: Netclass: Default, track width: 200000
[board_modifier.py:601]: Routing pad 'SW34:2' at (135860000, 50830000) with pad 'J1:11' at (190070000, 47610000) using coordinate system rotated by 0 degree(s)
[board_modifier.py:445]: Adding track segment (F.Cu): [(135860000, 50830000), (186850000, 50830000)]
[board_modifier.py:455]: Could not add track segment due to detected collision
[board_modifier.py:445]: Adding track segment (F.Cu): [(135860000, 50830000), (139080000, 47610000)]
[board_modifier.py:450]: Track added
[board_modifier.py:445]: Adding track segment (F.Cu): [(139080000, 47610000), (190070000, 47610000)]
[board_modifier.py:455]: Could not add track segment due to detected collision
[key_placer.py:819]: Routing COL3 pads
[board_modifier.py:522]: Routing at F.Cu layer
[board_modifier.py:539]: Netclass: Default, track width: 200000
[board_modifier.py:601]: Routing pad 'SW5:1' at (67310000, 100020000) with pad 'SW13:1' at (82860000, 100020000) using coordinate system rotated by 0 degree(s)
[board_modifier.py:445]: Adding track segment (F.Cu): [(67310000, 100020000), (82860000, 100020000)]
[board_modifier.py:455]: Could not add track segment due to detected collision
[board_modifier.py:522]: Routing at F.Cu layer
[board_modifier.py:539]: Netclass: Default, track width: 200000
[board_modifier.py:601]: Routing pad 'SW13:1' at (82860000, 100020000) with pad 'SW21:1' at (98410000, 100020000) using coordinate system rotated by 0 degree(s)
[board_modifier.py:445]: Adding track segment (F.Cu): [(82860000, 100020000), (98410000, 100020000)]
[board_modifier.py:455]: Could not add track segment due to detected collision
[board_modifier.py:522]: Routing at F.Cu layer
[board_modifier.py:539]: Netclass: Default, track width: 200000
[board_modifier.py:601]: Routing pad 'SW21:1' at (98410000, 100020000) with pad 'SW29:1' at (113960000, 100020000) using coordinate system rotated by 0 degree(s)
[board_modifier.py:445]: Adding track segment (F.Cu): [(98410000, 100020000), (113960000, 100020000)]
[board_modifier.py:450]: Track added
[board_modifier.py:522]: Routing at F.Cu layer
[board_modifier.py:539]: Netclass: Default, track width: 200000
[board_modifier.py:601]: Routing pad 'SW29:1' at (113960000, 100020000) with pad 'SW37:1' at (129510000, 100020000) using coordinate system rotated by 0 degree(s)
[board_modifier.py:445]: Adding track segment (F.Cu): [(113960000, 100020000), (129510000, 100020000)]
[board_modifier.py:455]: Could not add track segment due to detected collision
[board_modifier.py:522]: Routing at F.Cu layer
[board_modifier.py:539]: Netclass: Default, track width: 200000
[board_modifier.py:601]: Routing pad 'SW37:1' at (129510000, 100020000) with pad 'SW45:1' at (145060000, 100020000) using coordinate system rotated by 0 degree(s)
[board_modifier.py:445]: Adding track segment (F.Cu): [(129510000, 100020000), (145060000, 100020000)]
[board_modifier.py:455]: Could not add track segment due to detected collision
[board_modifier.py:522]: Routing at F.Cu layer
[board_modifier.py:539]: Netclass: Default, track width: 200000
[board_modifier.py:601]: Routing pad 'SW45:1' at (145060000, 100020000) with pad 'SW53:1' at (160610000, 100020000) using coordinate system rotated by 0 degree(s)
[board_modifier.py:445]: Adding track segment (F.Cu): [(145060000, 100020000), (160610000, 100020000)]
[board_modifier.py:455]: Could not add track segment due to detected collision
[board_modifier.py:522]: Routing at F.Cu layer
[board_modifier.py:539]: Netclass: Default, track width: 200000
[board_modifier.py:601]: Routing pad 'SW53:1' at (160610000, 100020000) with pad 'SW61:1' at (176160000, 100020000) using coordinate system rotated by 0 degree(s)
[board_modifier.py:445]: Adding track segment (F.Cu): [(160610000, 100020000), (176160000, 100020000)]
[board_modifier.py:450]: Track added
[board_modifier.py:522]: Routing at F.Cu layer
[board_modifier.py:539]: Netclass: Default, track width: 200000
[board_modifier.py:601]: Routing pad 'SW61:1' at (176160000, 100020000) with pad 'J1:6' at (192610000, 39990000) using coordinate system rotated by 0 degree(s)
[board_modifier.py:445]: Adding track segment (F.Cu): [(176160000, 100020000), (176160000, 56440000)]
[board_modifier.py:455]: Could not add track segment due to detected collision
[board_modifier.py:445]: Adding track segment (F.Cu): [(176160000, 100020000), (192610000, 83570000)]
[board_modifier.py:455]: Could not add track segment due to detected collision
[key_placer.py:819]: Routing ROW1 pads
[board_modifier.py:522]: Routing at F.Cu layer
[board_modifier.py:539]: Netclass: Default, track width: 200000
[board_modifier.py:601]: Routing pad 'SW49:2' at (166960000, 35280000) with pad 'SW50:2' at (166960000, 50830000) using coordinate system rotated by 0 degree(s)
[board_modifier.py:445]: Adding track segment (F.Cu): [(166960000, 35280000), (166960000, 50830000)]
[board_modifier.py:450]: Track added
[board_modifier.py:522]: Routing at F.Cu layer
[board_modifier.py:539]: Netclass: Default, track width: 200000
[board_modifier.py:601]: Routing pad 'SW50:2' at (166960000, 50830000) with pad 'SW51:2' at (166960000, 66380000) using coordinate system rotated by 0 degree(s)
[board_modifier.py:445]: Adding track segment (F.Cu): [(166960000, 50830000), (166960000, 66380000)]
[board_modifier.py:455]: Could not add track segment due to detected collision
[board_modifier.py:522]: Routing at F.Cu layer
[board_modifier.py:539]: Netclass: Default, track width: 200000
[board_modifier.py:601]: Routing pad 'SW51:2' at (166960000, 66380000) with pad 'SW52:2' at (166960000, 81930000) using coordinate system rotated by 0 degree(s)
[board_modifier.py:445]: Adding track segment (F.Cu): [(166960000, 66380000), (166960000, 81930000)]
[board_modifier.py:455]: Could not add track segment due to detected collision
[board_modifier.py:522]: Routing at F.Cu layer
[board_modifier.py:539]: Netclass: Default, track width: 200000
[board_modifier.py:601]: Routing pad 'SW52:2' at (166960000, 81930000) with pad 'SW53:2' at (166960000, 97480000) using coordinate system rotated by 0 degree(s)
[board_modifier.py:445]: Adding track segment (F.Cu): [(166960000, 81930000), (166960000, 97480000)]
[board_modifier.py:455]: Could not add track segment due to detected collision
[board_modifier.py:522]: Routing at F.Cu layer
[board_modifier.py:539]: Netclass: Default, track width: 200000
[board_modifier.py:601]: Routing pad 'SW53:2' at (166960000, 97480000) with pad 'SW54:2' at (166960000, 113030000) using coordinate system rotated by 0 degree(s)
[board_modifier.py:445]: Adding track segment (F.Cu): [(166960000, 97480000), (166960000, 113030000)]
[board_modifier.py:455]: Could not add track segment due to detected collision
[board_modifier.py:522]: Routing at F.Cu layer
[board_modifier.py:539]: Netclass: Default, track width: 200000
[board_modifier.py:601]: Routing pad 'SW54:2' at (166960000, 113030000) with pad 'SW55:2' at (166960000, 128580000) using coordinate system rotated by 0 degree(s)
[board_modifier.py:445]: Adding track segment (F.Cu): [(166960000, 113030000), (166960000, 128580000)]
[board_modifier.py:455]: Could not add track segment due to detected collision
[board_modifier.py:522]: Routing at F.Cu layer
[board_modifier.py:539]: Netclass: Default, track width: 200000
[board_modifier.py:601]: Routing pad 'SW55:2' at (166960000, 128580000) with pad 'SW56:2' at (166960000, 144130000) using coordinate system rotated by 0 degree(s)
[board_modifier.py:445]: Adding track segment (F.Cu): [(166960000, 128580000), (166960000, 144130000)]
[board_modifier.py:455]: Could not add track segment due to detected collision
[board_modifier.py:522]: Routing at F.Cu layer
[board_modifier.py:539]: Netclass: Default, track width: 200000
[board_modifier.py:601]: Routing pad 'SW50:2' at (166960000, 50830000) with pad 'J1:9' at (190070000, 45070000) using coordinate system rotated by 0 degree(s)
[board_modifier.py:445]: Adding track segment (F.Cu): [(166960000, 50830000), (184310000, 50830000)]
[board_modifier.py:455]: Could not add track segment due to detected collision
[board_modifier.py:445]: Adding track segment (F.Cu): [(166960000, 50830000), (172720000, 45070000)]
[board_modifier.py:450]: Track added
[board_modifier.py:445]: Adding track segment (F.Cu): [(172720000, 45070000), (190070000, 45070000)]
[board_modifier.py:450]: Track added
[key_placer.py:819]: Routing ROW5 pads
[board_modifier.py:522]: Routing at F.Cu layer
[board_modifier.py:539]: Netclass: Default, track width: 200000
[board_modifier.py:601]: Routing pad 'SW17:2' at (104760000, 35280000) with pad 'SW18:2' at (104760000, 50830000) using coordinate system rotated by 0 degree(s)
[board_modifier.py:445]: Adding track segment (F.Cu): [(104760000, 35280000), (104760000, 50830000)]
[board_modifier.py:450]: Track added
[board_modifier.py:522]: Routing at F.Cu layer
[board_modifier.py:539]: Netclass: Default, track width: 200000
[board_modifier.py:601]: Routing pad 'SW18:2' at (104760000, 50830000) with pad 'SW19:2' at (104760000, 66380000) using coordinate system rotated by 0 degree(s)
[board_modifier.py:445]: Adding track segment (F.Cu): [(104760000, 50830000), (104760000, 66380000)]
[board_modifier.py:455]: Could not add track segment due to detected collision
[board_modifier.py:522]: Routing at F.Cu layer
[board_modifier.py:539]: Netclass: Default, track width: 200000
[board_modifier.py:601]: Routing pad 'SW19:2' at (104760000, 66380000) with pad 'SW20:2' at (104760000, 81930000) using coordinate system rotated by 0 degree(s)
[board_modifier.py:445]: Adding track segment (F.Cu): [(104760000, 66380000), (104760000, 81930000)]
[board_modifier.py:455]: Could not add track segment due to detected collision
[board_modifier.py:522]: Routing at F.Cu layer
[board_modifier.py:539]: Netclass: Default, track width: 200000
[board_modifier.py:601]: Routing pad 'SW20:2' at (104760000, 81930000) with pad 'SW21:2' at (104760000, 97480000) using coordinate system rotated by 0 degree(s)
[board_modifier.py:445]: Adding track segment (F.Cu): [(104760000, 81930000), (104760000, 97480000)]
[board_modifier.py:455]: Could not add track segment due to detected collision
[board_modifier.py:522]: Routing at F.Cu layer
[board_modifier.py:539]: Netclass: Default, track width: 200000
[board_modifier.py:601]: Routing pad 'SW21:2' at (104760000, 97480000) with pad 'SW22:2' at (104760000, 113030000) using coordinate system rotated by 0 degree(s)
[board_modifier.py:445]: Adding track segment (F.Cu): [(104760000, 97480000), (104760000, 113030000)]
[board_modifier.py:455]: Could not add track segment due to detected collision
[board_modifier.py:522]: Routing at F.Cu layer
[board_modifier.py:539]: Netclass: Default, track width: 200000
[board_modifier.py:601]: Routing pad 'SW22:2' at (104760000, 113030000) with pad 'SW23:2' at (104760000, 128580000) using coordinate system rotated by 0 degree(s)
[board_modifier.py:445]: Adding track segment (F.Cu): [(104760000, 113030000), (104760000, 128580000)]
[board_modifier.py:455]: Could not add track segment due to detected collision
[board_modifier.py:522]: Routing at F.Cu layer
[board_modifier.py:539]: Netclass: Default, track width: 200000
[board_modifier.py:601]: Routing pad 'SW23:2' at (104760000, 128580000) with pad 'SW24:2' at (104760000, 144130000) using coordinate system rotated by 0 degree(s)
[board_modifier.py:445]: Adding track segment (F.Cu): [(104760000, 128580000), (104760000, 144130000)]
[board_modifier.py:455]: Could not add track segment due to detected collision
[board_modifier.py:522]: Routing at F.Cu layer
[board_modifier.py:539]: Netclass: Default, track width: 200000
[board_modifier.py:601]: Routing pad 'SW18:2' at (104760000, 50830000) with pad 'J1:13' at (190070000, 50150000) using coordinate system rotated by 0 degree(s)
[board_modifier.py:445]: Adding track segment (F.Cu): [(104760000, 50830000), (189390000, 50830000)]
[board_modifier.py:455]: Could not add track segment due to detected collision
[board_modifier.py:445]: Adding track segment (F.Cu): [(104760000, 50830000), (105440000, 50150000)]
[board_modifier.py:450]: Track added
[board_modifier.py:445]: Adding track segment (F.Cu): [(105440000, 50150000), (190070000, 50150000)]
[board_modifier.py:455]: Could not add track segment due to detected collision
[key_placer.py:819]: Routing COL7 pads
[board_modifier.py:522]: Routing at F.Cu layer
[board_modifier.py:539]: Netclass: Default, track width: 200000
[board_modifier.py:601]: Routing pad 'SW1:1' at (67310000, 37820000) with pad 'SW9:1' at (82860000, 37820000) using coordinate system rotated by 0 degree(s)
[board_modifier.py:445]: Adding track segment (F.Cu): [(67310000, 37820000), (82860000, 37820000)]
[board_modifier.py:455]: Could not add track segment due to detected collision
[board_modifier.py:522]: Routing at F.Cu layer
[board_modifier.py:539]: Netclass: Default, track width: 200000
[board_modifier.py:601]: Routing pad 'SW9:1' at (82860000, 37820000) with pad 'SW17:1' at (98410000, 37820000) using coordinate system rotated by 0 degree(s)
[board_modifier.py:445]: Adding track segment (F.Cu): [(82860000, 37820000), (98410000, 37820000)]
[board_modifier.py:455]: Could not add track segment due to detected collision
[board_modifier.py:522]: Routing at F.Cu layer
[board_modifier.py:539]: Netclass: Default, track width: 200000
[board_modifier.py:601]: Routing pad 'SW17:1' at (98410000, 37820000) with pad 'SW25:1' at (113960000, 37820000) using coordinate system rotated by 0 degree(s)
[board_modifier.py:445]: Adding track segment (F.Cu): [(98410000, 37820000), (113960000, 37820000)]
[board_modifier.py:455]: Could not add track segment due to detected collision
[board_modifier.py:522]: Routing at F.Cu layer
[board_modifier.py:539]: Netclass: Default, track width: 200000
[board_modifier.py:601]: Routing pad 'SW25:1' at (113960000, 37820000) with pad 'SW33:1' at (129510000, 37820000) using coordinate system rotated by 0 degree(s)
[board_modifier.py:445]: Adding track segment (F.Cu): [(113960000, 37820000), (129510000, 37820000)]
[board_modifier.py:455]: Could not add track segment due to detected collision
[board_modifier.py:522]: Routing at F.Cu layer
[board_modifier.py:539]: Netclass: Default, track width: 200000
[board_modifier.py:601]: Routing pad 'SW33:1' at (129510000, 37820000) with pad 'SW41:1' at (145060000, 37820000) using coordinate system rotated by 0 degree(s)
[board_modifier.py:445]: Adding track segment (F.Cu): [(129510000, 37820000), (145060000, 37820000)]
[board_modifier.py:455]: Could not add track segment due to detected collision
[board_modifier.py:522]: Routing at F.Cu layer
[board_modifier.py:539]: Netclass: Default, track width: 200000
[board_modifier.py:601]: Routing pad 'SW41:1' at (145060000, 37820000) with pad 'SW49:1' at (160610000, 37820000) using coordinate system rotated by 0 degree(s)
[board_modifier.py:445]: Adding track segment (F.Cu): [(145060000, 37820000), (160610000, 37820000)]
[board_modifier.py:455]: Could not add track segment due to detected collision
[board_modifier.py:522]: Routing at F.Cu layer
[board_modifier.py:539]: Netclass: Default, track width: 200000
[board_modifier.py:601]: Routing pad 'SW49:1' at (160610000, 37820000) with pad 'SW57:1' at (176160000, 37820000) using coordinate system rotated by 0 degree(s)
[board_modifier.py:445]: Adding track segment (F.Cu): [(160610000, 37820000), (176160000, 37820000)]
[board_modifier.py:455]: Could not add track segment due to detected collision
[board_modifier.py:522]: Routing at F.Cu layer
[board_modifier.py:539]: Netclass: Default, track width: 200000
[board_modifier.py:601]: Routing pad 'SW57:1' at (176160000, 37820000) with pad 'J1:2' at (192610000, 34910000) using coordinate system rotated by 0 degree(s)
[board_modifier.py:445]: Adding track segment (F.Cu): [(176160000, 37820000), (189700000, 37820000)]
[board_modifier.py:455]: Could not add track segment due to detected collision
[board_modifier.py:445]: Adding track segment (F.Cu): [(176160000, 37820000), (179070000, 34910000)]
[board_modifier.py:450]: Track added
[board_modifier.py:445]: Adding track segment (F.Cu): [(179070000, 34910000), (192610000, 34910000)]
[board_modifier.py:455]: Could not add track segment due to detected collision
[key_placer.py:457]: Removing dangling tracks
[key_placer.py:469]: Removing 2681adf0-6693-4900-9be6-eaeff83ce166
[key_placer.py:469]: Removing 8ba85513-efec-46e9-b169-40ba204e01fa
[key_placer.py:469]: Removing 9966f689-0b81-4deb-9ea1-9dca8478190d
[key_placer.py:469]: Removing b7c8dd4a-5ff4-4008-b76e-eefeb80bb45f
[key_placer.py:469]: Removing 6d070b0d-cf4b-4cfa-86bf-b58029f68637
[key_placer.py:469]: Removing 91de68dc-9bfe-44e5-833a-a86248d98adf
[key_placer.py:469]: Removing d401b1b8-f603-4007-9c4f-023b873782c0
[key_placer.py:469]: Removing 025e9036-e94a-4fcd-96b5-a13a7853d993
[key_placer.py:469]: Removing 0e2b888d-ca0f-4165-810a-df7c4c27b097
[key_placer.py:469]: Removing 63c9df12-afb7-4dcd-8e9b-910b92eaf00a
[key_placer.py:469]: Removing c78cdde2-219d-410d-afa6-8881676f255b
[key_placer.py:457]: Removing dangling tracks
[edge_generator.py:135]: Running board edge generation around footprints with annotation matching 'SW{}' format
